15:32:22.918 [main] INFO  testCases.DDT.TC_002_AccountRegistration - ****** TC_002_AccountRegistration Started ******
15:32:22.921 [main] INFO  testCases.DDT.TC_002_AccountRegistration - ****** account_registration_success Started ******
15:32:26.377 [main] INFO  testCases.DDT.TC_002_AccountRegistration - ****** account_registration_success Finished ******
15:32:26.377 [main] INFO  testCases.DDT.TC_002_AccountRegistration - ****** TC_002_AccountRegistration Finished ******
15:32:26.388 [main] INFO  testCases.DDT.TC_002_AccountRegistration - ****** TC_002_AccountRegistration Started ******
15:32:26.389 [main] INFO  testCases.DDT.TC_002_AccountRegistration - ****** account_registration_email_exists Started ******
15:32:30.228 [main] INFO  testCases.DDT.TC_002_AccountRegistration - ****** account_registration_email_exists Finished ******
15:32:30.228 [main] INFO  testCases.DDT.TC_002_AccountRegistration - ****** TC_002_AccountRegistration Finished ******
15:32:30.229 [main] INFO  testCases.DDT.TC_002_AccountRegistration - ****** TC_002_AccountRegistration Started ******
15:32:30.230 [main] INFO  testCases.DDT.TC_002_AccountRegistration - ****** account_registration_all_fields_warning_validation Started ******
15:32:33.816 [main] INFO  testCases.DDT.TC_002_AccountRegistration - ****** account_registration_all_fields_warning_validation Finished ******
15:32:33.816 [main] INFO  testCases.DDT.TC_002_AccountRegistration - ****** TC_002_AccountRegistration Finished ******
15:32:33.818 [main] INFO  testCases.DDT.TC_002_AccountRegistration - ****** TC_002_AccountRegistration Started ******
15:32:33.818 [main] INFO  testCases.DDT.TC_002_AccountRegistration - ****** account_registration_all_fields_warning_validation Started ******
15:32:37.758 [main] INFO  testCases.DDT.TC_002_AccountRegistration - ****** account_registration_all_fields_warning_validation Finished ******
15:32:37.758 [main] INFO  testCases.DDT.TC_002_AccountRegistration - ****** TC_002_AccountRegistration Finished ******
15:32:37.760 [main] INFO  testCases.DDT.TC_002_AccountRegistration - ****** TC_002_AccountRegistration Started ******
15:32:37.760 [main] INFO  testCases.DDT.TC_002_AccountRegistration - ****** navigating_to_registered_page_from_different_page Started ******
15:32:40.548 [main] INFO  testCases.DDT.TC_002_AccountRegistration - ****** navigating_to_registered_page_from_different_page Finished ******
15:32:40.548 [main] INFO  testCases.DDT.TC_002_AccountRegistration - ****** TC_002_AccountRegistration Finished ******
15:32:40.550 [main] INFO  testCases.DDT.TC_002_AccountRegistration - ****** TC_002_AccountRegistration Started ******
15:32:40.550 [main] INFO  testCases.DDT.TC_002_AccountRegistration - ****** account_registration_email_field_warning_validation Started ******
15:32:43.477 [main] INFO  testCases.DDT.TC_002_AccountRegistration - ****** account_registration_email_field_warning_validation Finished ******
15:32:43.478 [main] INFO  testCases.DDT.TC_002_AccountRegistration - ****** TC_002_AccountRegistration Finished ******
15:32:43.479 [main] INFO  testCases.DDT.TC_002_AccountRegistration - ****** TC_002_AccountRegistration Started ******
15:32:43.479 [main] INFO  testCases.DDT.TC_002_AccountRegistration - ****** account_registration_password_field_warning_validation Started ******
15:32:57.560 [main] INFO  testCases.DDT.TC_002_AccountRegistration - ****** TC_002_AccountRegistration Started ******
15:32:57.560 [main] INFO  testCases.DDT.TC_002_AccountRegistration - ****** account_fields_placeholder_validation Started ******
15:33:37.849 [main] INFO  testCases.DDT.TC_002_AccountRegistration - ****** TC_002_AccountRegistration Started ******
15:36:55.905 [main] INFO  testCases.DDT.TC_002_AccountRegistration - ****** TC_002_AccountRegistration Started ******
15:36:56.108 [main] INFO  testCases.DDT.TC_002_AccountRegistration - ****** TC_002_AccountRegistration Started ******
15:36:56.260 [main] INFO  testCases.DDT.TC_002_AccountRegistration - ****** TC_002_AccountRegistration Started ******
15:36:56.415 [main] INFO  testCases.DDT.TC_002_AccountRegistration - ****** TC_002_AccountRegistration Started ******
15:36:56.590 [main] INFO  testCases.DDT.TC_002_AccountRegistration - ****** TC_002_AccountRegistration Started ******
15:36:56.743 [main] INFO  testCases.DDT.TC_002_AccountRegistration - ****** TC_002_AccountRegistration Started ******
15:36:56.743 [main] INFO  testCases.DDT.TC_002_AccountRegistration - ****** account_registration_email_field_warning_validation Started ******
15:36:59.690 [main] INFO  testCases.DDT.TC_002_AccountRegistration - ****** account_registration_email_field_warning_validation Finished ******
15:36:59.690 [main] INFO  testCases.DDT.TC_002_AccountRegistration - ****** TC_002_AccountRegistration Finished ******
15:36:59.691 [main] INFO  testCases.DDT.TC_002_AccountRegistration - ****** TC_002_AccountRegistration Started ******
15:36:59.691 [main] INFO  testCases.DDT.TC_002_AccountRegistration - ****** account_registration_password_field_warning_validation Started ******
15:37:13.799 [main] INFO  testCases.DDT.TC_002_AccountRegistration - ****** TC_002_AccountRegistration Started ******
15:37:13.799 [main] INFO  testCases.DDT.TC_002_AccountRegistration - ****** account_fields_placeholder_validation Started ******
15:37:33.396 [main] INFO  testCases.DDT.TC_002_AccountRegistration - ****** TC_002_AccountRegistration Started ******
15:37:33.402 [main] INFO  testCases.DDT.TC_002_AccountRegistration - ****** account_registration_success Started ******
15:37:37.410 [main] INFO  testCases.DDT.TC_002_AccountRegistration - ****** account_registration_success Finished ******
15:37:37.410 [main] INFO  testCases.DDT.TC_002_AccountRegistration - ****** TC_002_AccountRegistration Finished ******
15:37:37.433 [main] INFO  testCases.DDT.TC_002_AccountRegistration - ****** TC_002_AccountRegistration Started ******
15:37:37.433 [main] INFO  testCases.DDT.TC_002_AccountRegistration - ****** account_registration_email_exists Started ******
15:37:41.562 [main] INFO  testCases.DDT.TC_002_AccountRegistration - ****** account_registration_email_exists Finished ******
15:37:41.563 [main] INFO  testCases.DDT.TC_002_AccountRegistration - ****** TC_002_AccountRegistration Finished ******
15:37:41.564 [main] INFO  testCases.DDT.TC_002_AccountRegistration - ****** TC_002_AccountRegistration Started ******
15:37:41.564 [main] INFO  testCases.DDT.TC_002_AccountRegistration - ****** account_registration_all_fields_warning_validation Started ******
15:37:45.190 [main] INFO  testCases.DDT.TC_002_AccountRegistration - ****** account_registration_all_fields_warning_validation Finished ******
15:37:45.190 [main] INFO  testCases.DDT.TC_002_AccountRegistration - ****** TC_002_AccountRegistration Finished ******
15:37:45.192 [main] INFO  testCases.DDT.TC_002_AccountRegistration - ****** TC_002_AccountRegistration Started ******
15:37:45.192 [main] INFO  testCases.DDT.TC_002_AccountRegistration - ****** account_registration_all_fields_warning_validation Started ******
15:37:49.086 [main] INFO  testCases.DDT.TC_002_AccountRegistration - ****** account_registration_all_fields_warning_validation Finished ******
15:37:49.086 [main] INFO  testCases.DDT.TC_002_AccountRegistration - ****** TC_002_AccountRegistration Finished ******
15:37:49.088 [main] INFO  testCases.DDT.TC_002_AccountRegistration - ****** TC_002_AccountRegistration Started ******
15:37:49.088 [main] INFO  testCases.DDT.TC_002_AccountRegistration - ****** navigating_to_registered_page_from_different_page Started ******
15:37:52.197 [main] INFO  testCases.DDT.TC_002_AccountRegistration - ****** navigating_to_registered_page_from_different_page Finished ******
15:37:52.198 [main] INFO  testCases.DDT.TC_002_AccountRegistration - ****** TC_002_AccountRegistration Finished ******
15:37:52.200 [main] INFO  testCases.DDT.TC_002_AccountRegistration - ****** TC_002_AccountRegistration Started ******
15:37:52.200 [main] INFO  testCases.DDT.TC_002_AccountRegistration - ****** account_registration_email_field_warning_validation Started ******
15:37:54.176 [main] INFO  testCases.DDT.TC_002_AccountRegistration - ****** TC_002_AccountRegistration Started ******
15:37:54.176 [main] INFO  testCases.DDT.TC_002_AccountRegistration - ****** account_registration_privacy_policy_warning_validation Started ******
15:37:55.247 [main] INFO  testCases.DDT.TC_002_AccountRegistration - ****** account_registration_email_field_warning_validation Finished ******
15:37:55.247 [main] INFO  testCases.DDT.TC_002_AccountRegistration - ****** TC_002_AccountRegistration Finished ******
15:37:55.249 [main] INFO  testCases.DDT.TC_002_AccountRegistration - ****** TC_002_AccountRegistration Started ******
15:37:55.249 [main] INFO  testCases.DDT.TC_002_AccountRegistration - ****** account_registration_password_field_warning_validation Started ******
15:37:59.271 [main] INFO  testCases.DDT.TC_002_AccountRegistration - ****** account_registration_password_field_warning_validation Finished ******
15:37:59.271 [main] INFO  testCases.DDT.TC_002_AccountRegistration - ****** TC_002_AccountRegistration Finished ******
15:37:59.272 [main] INFO  testCases.DDT.TC_002_AccountRegistration - ****** TC_002_AccountRegistration Started ******
15:37:59.272 [main] INFO  testCases.DDT.TC_002_AccountRegistration - ****** account_fields_placeholder_validation Started ******
15:37:59.343 [main] INFO  testCases.DDT.TC_002_AccountRegistration - ****** account_fields_placeholder_validation Finished ******
15:37:59.343 [main] INFO  testCases.DDT.TC_002_AccountRegistration - ****** TC_002_AccountRegistration Finished ******
15:37:59.344 [main] INFO  testCases.DDT.TC_002_AccountRegistration - ****** TC_002_AccountRegistration Started ******
15:37:59.344 [main] INFO  testCases.DDT.TC_002_AccountRegistration - ****** account_registration_privacy_policy_warning_validation Started ******
15:39:37.625 [main] INFO  testCases.DDT.TC_002_AccountRegistration - ****** TC_002_AccountRegistration Started ******
15:39:37.820 [main] INFO  testCases.DDT.TC_002_AccountRegistration - ****** TC_002_AccountRegistration Started ******
15:39:38.001 [main] INFO  testCases.DDT.TC_002_AccountRegistration - ****** TC_002_AccountRegistration Started ******
15:39:38.205 [main] INFO  testCases.DDT.TC_002_AccountRegistration - ****** TC_002_AccountRegistration Started ******
15:39:38.415 [main] INFO  testCases.DDT.TC_002_AccountRegistration - ****** TC_002_AccountRegistration Started ******
15:39:38.597 [main] INFO  testCases.DDT.TC_002_AccountRegistration - ****** TC_002_AccountRegistration Started ******
15:39:38.799 [main] INFO  testCases.DDT.TC_002_AccountRegistration - ****** TC_002_AccountRegistration Started ******
15:39:38.976 [main] INFO  testCases.DDT.TC_002_AccountRegistration - ****** TC_002_AccountRegistration Started ******
15:39:39.145 [main] INFO  testCases.DDT.TC_002_AccountRegistration - ****** TC_002_AccountRegistration Started ******
15:39:39.145 [main] INFO  testCases.DDT.TC_002_AccountRegistration - ****** account_registration_privacy_policy_warning_validation Started ******
15:40:27.879 [main] INFO  testCases.DDT.TC_002_AccountRegistration - ****** TC_002_AccountRegistration Started ******
15:40:28.190 [main] INFO  testCases.DDT.TC_002_AccountRegistration - ****** TC_002_AccountRegistration Started ******
15:40:28.411 [main] INFO  testCases.DDT.TC_002_AccountRegistration - ****** TC_002_AccountRegistration Started ******
15:40:28.642 [main] INFO  testCases.DDT.TC_002_AccountRegistration - ****** TC_002_AccountRegistration Started ******
15:40:28.837 [main] INFO  testCases.DDT.TC_002_AccountRegistration - ****** TC_002_AccountRegistration Started ******
15:40:29.066 [main] INFO  testCases.DDT.TC_002_AccountRegistration - ****** TC_002_AccountRegistration Started ******
15:40:29.290 [main] INFO  testCases.DDT.TC_002_AccountRegistration - ****** TC_002_AccountRegistration Started ******
15:40:29.533 [main] INFO  testCases.DDT.TC_002_AccountRegistration - ****** TC_002_AccountRegistration Started ******
15:40:29.726 [main] INFO  testCases.DDT.TC_002_AccountRegistration - ****** TC_002_AccountRegistration Started ******
15:40:29.726 [main] INFO  testCases.DDT.TC_002_AccountRegistration - ****** account_registration_privacy_policy_warning_validation Started ******
15:40:32.887 [main] INFO  testCases.DDT.TC_002_AccountRegistration - ****** account_registration_privacy_policy_warning_validation Finished ******
15:40:32.887 [main] INFO  testCases.DDT.TC_002_AccountRegistration - ****** TC_002_AccountRegistration Finished ******
15:41:09.608 [main] INFO  testCases.DDT.TC_002_AccountRegistration - ****** TC_002_AccountRegistration Started ******
15:41:09.612 [main] INFO  testCases.DDT.TC_002_AccountRegistration - ****** account_registration_success Started ******
15:41:14.694 [main] INFO  testCases.DDT.TC_002_AccountRegistration - ****** account_registration_success Finished ******
15:41:14.694 [main] INFO  testCases.DDT.TC_002_AccountRegistration - ****** TC_002_AccountRegistration Finished ******
15:41:14.706 [main] INFO  testCases.DDT.TC_002_AccountRegistration - ****** TC_002_AccountRegistration Started ******
15:41:14.707 [main] INFO  testCases.DDT.TC_002_AccountRegistration - ****** account_registration_email_exists Started ******
15:41:18.653 [main] INFO  testCases.DDT.TC_002_AccountRegistration - ****** account_registration_email_exists Finished ******
15:41:18.653 [main] INFO  testCases.DDT.TC_002_AccountRegistration - ****** TC_002_AccountRegistration Finished ******
15:41:18.655 [main] INFO  testCases.DDT.TC_002_AccountRegistration - ****** TC_002_AccountRegistration Started ******
15:41:18.656 [main] INFO  testCases.DDT.TC_002_AccountRegistration - ****** account_registration_all_fields_warning_validation Started ******
15:41:22.262 [main] INFO  testCases.DDT.TC_002_AccountRegistration - ****** account_registration_all_fields_warning_validation Finished ******
15:41:22.262 [main] INFO  testCases.DDT.TC_002_AccountRegistration - ****** TC_002_AccountRegistration Finished ******
15:41:22.263 [main] INFO  testCases.DDT.TC_002_AccountRegistration - ****** TC_002_AccountRegistration Started ******
15:41:22.264 [main] INFO  testCases.DDT.TC_002_AccountRegistration - ****** account_registration_all_fields_warning_validation Started ******
15:41:26.189 [main] INFO  testCases.DDT.TC_002_AccountRegistration - ****** account_registration_all_fields_warning_validation Finished ******
15:41:26.189 [main] INFO  testCases.DDT.TC_002_AccountRegistration - ****** TC_002_AccountRegistration Finished ******
15:41:26.191 [main] INFO  testCases.DDT.TC_002_AccountRegistration - ****** TC_002_AccountRegistration Started ******
15:41:26.191 [main] INFO  testCases.DDT.TC_002_AccountRegistration - ****** navigating_to_registered_page_from_different_page Started ******
15:41:31.651 [main] INFO  testCases.DDT.TC_002_AccountRegistration - ****** navigating_to_registered_page_from_different_page Finished ******
15:41:31.651 [main] INFO  testCases.DDT.TC_002_AccountRegistration - ****** TC_002_AccountRegistration Finished ******
15:41:31.655 [main] INFO  testCases.DDT.TC_002_AccountRegistration - ****** TC_002_AccountRegistration Started ******
15:41:31.655 [main] INFO  testCases.DDT.TC_002_AccountRegistration - ****** account_registration_email_field_warning_validation Started ******
15:41:35.273 [main] INFO  testCases.DDT.TC_002_AccountRegistration - ****** account_registration_email_field_warning_validation Finished ******
15:41:35.273 [main] INFO  testCases.DDT.TC_002_AccountRegistration - ****** TC_002_AccountRegistration Finished ******
15:41:35.276 [main] INFO  testCases.DDT.TC_002_AccountRegistration - ****** TC_002_AccountRegistration Started ******
15:41:35.276 [main] INFO  testCases.DDT.TC_002_AccountRegistration - ****** account_registration_password_field_warning_validation Started ******
15:41:39.798 [main] INFO  testCases.DDT.TC_002_AccountRegistration - ****** account_registration_password_field_warning_validation Finished ******
15:41:39.798 [main] INFO  testCases.DDT.TC_002_AccountRegistration - ****** TC_002_AccountRegistration Finished ******
15:41:39.801 [main] INFO  testCases.DDT.TC_002_AccountRegistration - ****** TC_002_AccountRegistration Started ******
15:41:39.801 [main] INFO  testCases.DDT.TC_002_AccountRegistration - ****** account_fields_placeholder_validation Started ******
15:41:39.889 [main] INFO  testCases.DDT.TC_002_AccountRegistration - ****** account_fields_placeholder_validation Finished ******
15:41:39.889 [main] INFO  testCases.DDT.TC_002_AccountRegistration - ****** TC_002_AccountRegistration Finished ******
15:41:39.892 [main] INFO  testCases.DDT.TC_002_AccountRegistration - ****** TC_002_AccountRegistration Started ******
15:41:39.892 [main] INFO  testCases.DDT.TC_002_AccountRegistration - ****** account_registration_privacy_policy_warning_validation Started ******
15:41:43.965 [main] INFO  testCases.DDT.TC_002_AccountRegistration - ****** account_registration_privacy_policy_warning_validation Finished ******
15:41:43.965 [main] INFO  testCases.DDT.TC_002_AccountRegistration - ****** TC_002_AccountRegistration Finished ******
