17:34:40.496 [main] INFO  testCases.DDT.TC_003_AccountLogout - ****** TC_003_AccountLogout Started ******
17:34:40.499 [main] INFO  testCases.DDT.TC_003_AccountLogout - ****** account_logout Started ******
17:34:52.097 [main] INFO  testCases.DDT.TC_003_AccountLogout - ****** account_logout Finished ******
17:34:52.097 [main] INFO  testCases.DDT.TC_003_AccountLogout - ****** TC_003_AccountLogout Finished ******
17:35:22.717 [main] INFO  testCases.DDT.TC_003_AccountLogout - ****** TC_003_AccountLogout Started ******
17:35:22.719 [main] INFO  testCases.DDT.TC_003_AccountLogout - ****** account_logout Started ******
17:35:23.469 [main] INFO  testCases.DDT.TC_003_AccountLogout - ****** account_logout Finished ******
17:35:23.469 [main] INFO  testCases.DDT.TC_003_AccountLogout - ****** TC_003_AccountLogout Finished ******
17:36:47.566 [main] INFO  testCases.DDT.TC_003_AccountLogout - ****** TC_003_AccountLogout Started ******
17:36:47.568 [main] INFO  testCases.DDT.TC_003_AccountLogout - ****** account_logout Started ******
17:36:59.287 [main] INFO  testCases.DDT.TC_003_AccountLogout - ****** account_logout Finished ******
17:36:59.287 [main] INFO  testCases.DDT.TC_003_AccountLogout - ****** TC_003_AccountLogout Finished ******
17:37:27.513 [main] INFO  testCases.DDT.TC_003_AccountLogout - ****** TC_003_AccountLogout Started ******
17:37:27.515 [main] INFO  testCases.DDT.TC_003_AccountLogout - ****** account_logout Started ******
17:38:46.495 [main] INFO  testCases.DDT.TC_003_AccountLogout - ****** TC_003_AccountLogout Started ******
17:38:46.497 [main] INFO  testCases.DDT.TC_003_AccountLogout - ****** account_logout Started ******
17:39:21.548 [main] INFO  testCases.DDT.TC_003_AccountLogout - ****** TC_003_AccountLogout Started ******
17:39:21.550 [main] INFO  testCases.DDT.TC_003_AccountLogout - ****** account_logout Started ******
17:40:05.595 [main] INFO  testCases.DDT.TC_003_AccountLogout - ****** TC_003_AccountLogout Started ******
17:40:05.596 [main] INFO  testCases.DDT.TC_003_AccountLogout - ****** account_logout Started ******
17:40:07.632 [main] INFO  testCases.DDT.TC_003_AccountLogout - ****** account_logout Finished ******
17:40:07.632 [main] INFO  testCases.DDT.TC_003_AccountLogout - ****** TC_003_AccountLogout Finished ******
20:31:57.384 [main] INFO  testCases.DDT.TC_003_AccountLogout - ****** TC_003_AccountLogout Started ******
20:31:57.387 [main] INFO  testCases.DDT.TC_003_AccountLogout - ****** account_logout Started ******
20:31:59.451 [main] INFO  testCases.DDT.TC_003_AccountLogout - ****** account_logout Finished ******
20:31:59.451 [main] INFO  testCases.DDT.TC_003_AccountLogout - ****** TC_003_AccountLogout Finished ******
20:31:59.458 [main] INFO  testCases.DDT.TC_003_AccountLogout - ****** TC_003_AccountLogout Started ******
20:31:59.459 [main] INFO  testCases.DDT.TC_003_AccountLogout - ****** account_logout_from_right_column Started ******
20:32:01.309 [main] INFO  testCases.DDT.TC_003_AccountLogout - ****** account_logout_from_right_column Finished ******
20:32:01.310 [main] INFO  testCases.DDT.TC_003_AccountLogout - ****** TC_003_AccountLogout Finished ******
20:32:01.313 [main] INFO  testCases.DDT.TC_003_AccountLogout - ****** TC_003_AccountLogout Started ******
20:32:01.313 [main] INFO  testCases.DDT.TC_003_AccountLogout - ****** account_logout_browser_back Started ******
20:32:03.425 [main] INFO  testCases.DDT.TC_003_AccountLogout - ****** account_logout_browser_back Finished ******
20:32:03.425 [main] INFO  testCases.DDT.TC_003_AccountLogout - ****** TC_003_AccountLogout Finished ******
20:35:25.843 [main] INFO  testCases.DDT.TC_003_AccountLogout - ****** TC_003_AccountLogout Started ******
20:35:26.121 [main] INFO  testCases.DDT.TC_003_AccountLogout - ****** TC_003_AccountLogout Started ******
20:35:26.346 [main] INFO  testCases.DDT.TC_003_AccountLogout - ****** TC_003_AccountLogout Started ******
20:35:26.581 [main] INFO  testCases.DDT.TC_003_AccountLogout - ****** TC_003_AccountLogout Started ******
20:35:26.581 [main] INFO  testCases.DDT.TC_003_AccountLogout - ****** account_check_logout_btn Started ******
20:35:37.084 [main] INFO  testCases.DDT.TC_003_AccountLogout - ****** account_check_logout_btn Finished ******
20:35:37.084 [main] INFO  testCases.DDT.TC_003_AccountLogout - ****** TC_003_AccountLogout Finished ******
20:37:57.871 [main] INFO  testCases.DDT.TC_003_AccountLogout - ****** TC_003_AccountLogout Started ******
20:37:57.876 [main] INFO  testCases.DDT.TC_003_AccountLogout - ****** account_logout Started ******
20:38:00.661 [main] INFO  testCases.DDT.TC_003_AccountLogout - ****** account_logout Finished ******
20:38:00.661 [main] INFO  testCases.DDT.TC_003_AccountLogout - ****** TC_003_AccountLogout Finished ******
20:38:00.672 [main] INFO  testCases.DDT.TC_003_AccountLogout - ****** TC_003_AccountLogout Started ******
20:38:00.673 [main] INFO  testCases.DDT.TC_003_AccountLogout - ****** account_logout_from_right_column Started ******
20:38:02.701 [main] INFO  testCases.DDT.TC_003_AccountLogout - ****** account_logout_from_right_column Finished ******
20:38:02.701 [main] INFO  testCases.DDT.TC_003_AccountLogout - ****** TC_003_AccountLogout Finished ******
20:38:02.704 [main] INFO  testCases.DDT.TC_003_AccountLogout - ****** TC_003_AccountLogout Started ******
20:38:02.704 [main] INFO  testCases.DDT.TC_003_AccountLogout - ****** account_logout_browser_back Started ******
20:38:04.908 [main] INFO  testCases.DDT.TC_003_AccountLogout - ****** account_logout_browser_back Finished ******
20:38:04.909 [main] INFO  testCases.DDT.TC_003_AccountLogout - ****** TC_003_AccountLogout Finished ******
20:38:04.910 [main] INFO  testCases.DDT.TC_003_AccountLogout - ****** TC_003_AccountLogout Started ******
20:38:04.910 [main] INFO  testCases.DDT.TC_003_AccountLogout - ****** account_check_logout_btn_exists Started ******
20:38:15.047 [main] INFO  testCases.DDT.TC_003_AccountLogout - ****** account_check_logout_btn_exists Finished ******
20:38:15.047 [main] INFO  testCases.DDT.TC_003_AccountLogout - ****** TC_003_AccountLogout Finished ******
20:38:15.049 [main] INFO  testCases.DDT.TC_003_AccountLogout - ****** TC_003_AccountLogout Started ******
20:38:15.049 [main] INFO  testCases.DDT.TC_003_AccountLogout - ****** account_check_logout_right_column_btn_exists Started ******
20:39:20.889 [main] INFO  testCases.DDT.TC_003_AccountLogout - ****** TC_003_AccountLogout Started ******
20:39:21.140 [main] INFO  testCases.DDT.TC_003_AccountLogout - ****** TC_003_AccountLogout Started ******
20:39:21.327 [main] INFO  testCases.DDT.TC_003_AccountLogout - ****** TC_003_AccountLogout Started ******
20:39:21.496 [main] INFO  testCases.DDT.TC_003_AccountLogout - ****** TC_003_AccountLogout Started ******
20:39:21.684 [main] INFO  testCases.DDT.TC_003_AccountLogout - ****** TC_003_AccountLogout Started ******
20:39:21.684 [main] INFO  testCases.DDT.TC_003_AccountLogout - ****** account_check_logout_right_column_btn_exists Started ******
20:39:31.886 [main] INFO  testCases.DDT.TC_003_AccountLogout - ****** account_check_logout_right_column_btn_exists Finished ******
20:39:31.886 [main] INFO  testCases.DDT.TC_003_AccountLogout - ****** TC_003_AccountLogout Finished ******
20:41:35.462 [main] INFO  testCases.DDT.TC_003_AccountLogout - ****** TC_003_AccountLogout Started ******
20:41:35.735 [main] INFO  testCases.DDT.TC_003_AccountLogout - ****** TC_003_AccountLogout Started ******
20:41:35.946 [main] INFO  testCases.DDT.TC_003_AccountLogout - ****** TC_003_AccountLogout Started ******
20:41:36.145 [main] INFO  testCases.DDT.TC_003_AccountLogout - ****** TC_003_AccountLogout Started ******
20:41:36.335 [main] INFO  testCases.DDT.TC_003_AccountLogout - ****** TC_003_AccountLogout Started ******
20:41:36.335 [main] INFO  testCases.DDT.TC_003_AccountLogout - ****** account_check_logout_right_column_btn_exists Started ******
20:44:40.503 [main] INFO  testCases.DDT.TC_003_AccountLogout - ****** TC_003_AccountLogout Started ******
20:44:40.766 [main] INFO  testCases.DDT.TC_003_AccountLogout - ****** TC_003_AccountLogout Started ******
20:44:40.973 [main] INFO  testCases.DDT.TC_003_AccountLogout - ****** TC_003_AccountLogout Started ******
20:44:41.176 [main] INFO  testCases.DDT.TC_003_AccountLogout - ****** TC_003_AccountLogout Started ******
20:44:41.375 [main] INFO  testCases.DDT.TC_003_AccountLogout - ****** TC_003_AccountLogout Started ******
20:44:41.375 [main] INFO  testCases.DDT.TC_003_AccountLogout - ****** account_check_logout_right_column_btn_exists Started ******
20:45:00.807 [main] INFO  testCases.DDT.TC_003_AccountLogout - ****** account_check_logout_right_column_btn_exists Finished ******
20:45:00.808 [main] INFO  testCases.DDT.TC_003_AccountLogout - ****** TC_003_AccountLogout Finished ******
20:45:27.559 [main] INFO  testCases.DDT.TC_003_AccountLogout - ****** TC_003_AccountLogout Started ******
20:45:27.562 [main] INFO  testCases.DDT.TC_003_AccountLogout - ****** account_logout Started ******
20:45:29.911 [main] INFO  testCases.DDT.TC_003_AccountLogout - ****** account_logout Finished ******
20:45:29.911 [main] INFO  testCases.DDT.TC_003_AccountLogout - ****** TC_003_AccountLogout Finished ******
20:45:29.927 [main] INFO  testCases.DDT.TC_003_AccountLogout - ****** TC_003_AccountLogout Started ******
20:45:29.927 [main] INFO  testCases.DDT.TC_003_AccountLogout - ****** account_logout_from_right_column Started ******
20:45:31.943 [main] INFO  testCases.DDT.TC_003_AccountLogout - ****** account_logout_from_right_column Finished ******
20:45:31.943 [main] INFO  testCases.DDT.TC_003_AccountLogout - ****** TC_003_AccountLogout Finished ******
20:45:31.947 [main] INFO  testCases.DDT.TC_003_AccountLogout - ****** TC_003_AccountLogout Started ******
20:45:31.947 [main] INFO  testCases.DDT.TC_003_AccountLogout - ****** account_logout_browser_back Started ******
20:45:34.166 [main] INFO  testCases.DDT.TC_003_AccountLogout - ****** account_logout_browser_back Finished ******
20:45:34.166 [main] INFO  testCases.DDT.TC_003_AccountLogout - ****** TC_003_AccountLogout Finished ******
20:45:34.168 [main] INFO  testCases.DDT.TC_003_AccountLogout - ****** TC_003_AccountLogout Started ******
20:45:34.168 [main] INFO  testCases.DDT.TC_003_AccountLogout - ****** account_check_logout_btn_exists Started ******
20:45:44.286 [main] INFO  testCases.DDT.TC_003_AccountLogout - ****** account_check_logout_btn_exists Finished ******
20:45:44.286 [main] INFO  testCases.DDT.TC_003_AccountLogout - ****** TC_003_AccountLogout Finished ******
20:45:44.288 [main] INFO  testCases.DDT.TC_003_AccountLogout - ****** TC_003_AccountLogout Started ******
20:45:44.288 [main] INFO  testCases.DDT.TC_003_AccountLogout - ****** account_check_logout_right_column_btn_exists Started ******
20:46:04.832 [main] INFO  testCases.DDT.TC_003_AccountLogout - ****** account_check_logout_right_column_btn_exists Finished ******
20:46:04.832 [main] INFO  testCases.DDT.TC_003_AccountLogout - ****** TC_003_AccountLogout Finished ******
20:46:21.259 [main] INFO  testCases.DDT.TC_003_AccountLogout - ****** TC_003_AccountLogout Started ******
20:46:21.264 [main] INFO  testCases.DDT.TC_003_AccountLogout - ****** account_logout Started ******
20:46:23.627 [main] INFO  testCases.DDT.TC_003_AccountLogout - ****** account_logout Finished ******
20:46:23.627 [main] INFO  testCases.DDT.TC_003_AccountLogout - ****** TC_003_AccountLogout Finished ******
20:46:23.640 [main] INFO  testCases.DDT.TC_003_AccountLogout - ****** TC_003_AccountLogout Started ******
20:46:23.640 [main] INFO  testCases.DDT.TC_003_AccountLogout - ****** account_logout_from_right_column Started ******
20:46:25.562 [main] INFO  testCases.DDT.TC_003_AccountLogout - ****** account_logout_from_right_column Finished ******
20:46:25.562 [main] INFO  testCases.DDT.TC_003_AccountLogout - ****** TC_003_AccountLogout Finished ******
20:46:25.565 [main] INFO  testCases.DDT.TC_003_AccountLogout - ****** TC_003_AccountLogout Started ******
20:46:25.565 [main] INFO  testCases.DDT.TC_003_AccountLogout - ****** account_logout_browser_back Started ******
20:46:27.740 [main] INFO  testCases.DDT.TC_003_AccountLogout - ****** account_logout_browser_back Finished ******
20:46:27.740 [main] INFO  testCases.DDT.TC_003_AccountLogout - ****** TC_003_AccountLogout Finished ******
20:46:27.741 [main] INFO  testCases.DDT.TC_003_AccountLogout - ****** TC_003_AccountLogout Started ******
20:46:27.742 [main] INFO  testCases.DDT.TC_003_AccountLogout - ****** account_check_logout_btn_exists Started ******
20:46:37.891 [main] INFO  testCases.DDT.TC_003_AccountLogout - ****** account_check_logout_btn_exists Finished ******
20:46:37.891 [main] INFO  testCases.DDT.TC_003_AccountLogout - ****** TC_003_AccountLogout Finished ******
20:46:37.893 [main] INFO  testCases.DDT.TC_003_AccountLogout - ****** TC_003_AccountLogout Started ******
20:46:37.893 [main] INFO  testCases.DDT.TC_003_AccountLogout - ****** account_check_logout_right_column_btn_exists Started ******
20:46:48.213 [main] INFO  testCases.DDT.TC_003_AccountLogout - ****** account_check_logout_right_column_btn_exists Finished ******
20:46:48.213 [main] INFO  testCases.DDT.TC_003_AccountLogout - ****** TC_003_AccountLogout Finished ******
20:56:32.384 [main] INFO  testCases.DDT.TC_001_AccountLogin - ****** TC_001_AccountLogin Started ******
20:56:32.389 [main] INFO  testCases.DDT.TC_001_AccountLogin - ****** account_login_validation Started ******
20:56:34.592 [main] INFO  testCases.DDT.TC_001_AccountLogin - ****** account_login_validation Finished ******
20:56:34.592 [main] INFO  testCases.DDT.TC_001_AccountLogin - ****** TC_001_AccountLogin Finished ******
20:56:34.603 [main] INFO  testCases.DDT.TC_001_AccountLogin - ****** TC_001_AccountLogin Started ******
20:56:34.603 [main] INFO  testCases.DDT.TC_001_AccountLogin - ****** account_login_validation Started ******
20:56:46.323 [main] INFO  testCases.DDT.TC_001_AccountLogin - ****** account_login_validation Finished ******
20:56:46.324 [main] INFO  testCases.DDT.TC_001_AccountLogin - ****** TC_001_AccountLogin Finished ******
20:56:46.325 [main] INFO  testCases.DDT.TC_001_AccountLogin - ****** TC_001_AccountLogin Started ******
20:56:46.326 [main] INFO  testCases.DDT.TC_001_AccountLogin - ****** account_login_validation Started ******
20:56:57.873 [main] INFO  testCases.DDT.TC_001_AccountLogin - ****** account_login_validation Finished ******
20:56:57.873 [main] INFO  testCases.DDT.TC_001_AccountLogin - ****** TC_001_AccountLogin Finished ******
20:56:57.875 [main] INFO  testCases.DDT.TC_001_AccountLogin - ****** TC_001_AccountLogin Started ******
20:56:57.875 [main] INFO  testCases.DDT.TC_001_AccountLogin - ****** account_login_validation Started ******
20:57:09.473 [main] INFO  testCases.DDT.TC_001_AccountLogin - ****** account_login_validation Finished ******
20:57:09.473 [main] INFO  testCases.DDT.TC_001_AccountLogin - ****** TC_001_AccountLogin Finished ******
20:57:09.475 [main] INFO  testCases.DDT.TC_001_AccountLogin - ****** TC_001_AccountLogin Started ******
20:57:09.475 [main] INFO  testCases.DDT.TC_001_AccountLogin - ****** account_login_validation Started ******
20:57:21.001 [main] INFO  testCases.DDT.TC_001_AccountLogin - ****** account_login_validation Finished ******
20:57:21.001 [main] INFO  testCases.DDT.TC_001_AccountLogin - ****** TC_001_AccountLogin Finished ******
20:57:21.003 [main] INFO  testCases.DDT.TC_001_AccountLogin - ****** TC_001_AccountLogin Started ******
20:57:21.003 [main] INFO  testCases.DDT.TC_001_AccountLogin - ****** account_login_browser_back Started ******
20:57:22.741 [main] INFO  testCases.DDT.TC_001_AccountLogin - ****** account_login_browser_back Finished ******
20:57:22.741 [main] INFO  testCases.DDT.TC_001_AccountLogin - ****** TC_001_AccountLogin Finished ******
20:57:22.743 [main] INFO  testCases.DDT.TC_001_AccountLogin - ****** TC_001_AccountLogin Started ******
20:57:22.744 [main] INFO  testCases.DDT.TC_001_AccountLogin - ****** account_login_logout_browser_back Started ******
20:57:24.772 [main] INFO  testCases.DDT.TC_001_AccountLogin - ****** account_login_logout_browser_back Finished ******
20:57:24.772 [main] INFO  testCases.DDT.TC_001_AccountLogin - ****** TC_001_AccountLogin Finished ******
20:57:24.774 [main] INFO  testCases.DDT.TC_001_AccountLogin - ****** TC_001_AccountLogin Started ******
20:57:24.774 [main] INFO  testCases.DDT.TC_001_AccountLogin - ****** account_login_password_copy Started ******
20:57:25.353 [main] INFO  testCases.DDT.TC_001_AccountLogin - ****** account_login_password_copy Finished ******
20:57:25.353 [main] INFO  testCases.DDT.TC_001_AccountLogin - ****** TC_001_AccountLogin Finished ******
20:57:25.355 [main] INFO  testCases.DDT.TC_001_AccountLogin - ****** TC_001_AccountLogin Started ******
20:57:25.355 [main] INFO  testCases.DDT.TC_001_AccountLogin - ****** account_login_navigating Started ******
20:57:26.846 [main] INFO  testCases.DDT.TC_001_AccountLogin - ****** account_login_navigating Finished ******
20:57:26.846 [main] INFO  testCases.DDT.TC_001_AccountLogin - ****** TC_001_AccountLogin Finished ******
20:57:26.848 [main] INFO  testCases.DDT.TC_001_AccountLogin - ****** TC_001_AccountLogin Started ******
20:57:26.848 [main] INFO  testCases.DDT.TC_001_AccountLogin - ****** account_login_close_browser Started ******
20:57:33.823 [main] INFO  testCases.DDT.TC_002_AccountRegistration - ****** TC_002_AccountRegistration Started ******
20:57:33.823 [main] INFO  testCases.DDT.TC_002_AccountRegistration - ****** account_registration_success Started ******
20:57:37.331 [main] INFO  testCases.DDT.TC_002_AccountRegistration - ****** account_registration_success Finished ******
20:57:37.331 [main] INFO  testCases.DDT.TC_002_AccountRegistration - ****** TC_002_AccountRegistration Finished ******
20:57:37.333 [main] INFO  testCases.DDT.TC_002_AccountRegistration - ****** TC_002_AccountRegistration Started ******
20:57:37.333 [main] INFO  testCases.DDT.TC_002_AccountRegistration - ****** account_registration_email_exists Started ******
20:57:41.291 [main] INFO  testCases.DDT.TC_002_AccountRegistration - ****** account_registration_email_exists Finished ******
20:57:41.291 [main] INFO  testCases.DDT.TC_002_AccountRegistration - ****** TC_002_AccountRegistration Finished ******
20:57:41.293 [main] INFO  testCases.DDT.TC_002_AccountRegistration - ****** TC_002_AccountRegistration Started ******
20:57:41.293 [main] INFO  testCases.DDT.TC_002_AccountRegistration - ****** account_registration_all_fields_warning_validation Started ******
20:57:44.816 [main] INFO  testCases.DDT.TC_002_AccountRegistration - ****** account_registration_all_fields_warning_validation Finished ******
20:57:44.816 [main] INFO  testCases.DDT.TC_002_AccountRegistration - ****** TC_002_AccountRegistration Finished ******
20:57:44.818 [main] INFO  testCases.DDT.TC_002_AccountRegistration - ****** TC_002_AccountRegistration Started ******
20:57:44.818 [main] INFO  testCases.DDT.TC_002_AccountRegistration - ****** account_registration_all_fields_warning_validation Started ******
20:57:48.586 [main] INFO  testCases.DDT.TC_002_AccountRegistration - ****** account_registration_all_fields_warning_validation Finished ******
20:57:48.586 [main] INFO  testCases.DDT.TC_002_AccountRegistration - ****** TC_002_AccountRegistration Finished ******
20:57:48.587 [main] INFO  testCases.DDT.TC_002_AccountRegistration - ****** TC_002_AccountRegistration Started ******
20:57:48.587 [main] INFO  testCases.DDT.TC_002_AccountRegistration - ****** navigating_to_registered_page_from_different_page Started ******
20:57:51.371 [main] INFO  testCases.DDT.TC_002_AccountRegistration - ****** navigating_to_registered_page_from_different_page Finished ******
20:57:51.371 [main] INFO  testCases.DDT.TC_002_AccountRegistration - ****** TC_002_AccountRegistration Finished ******
20:57:51.373 [main] INFO  testCases.DDT.TC_002_AccountRegistration - ****** TC_002_AccountRegistration Started ******
20:57:51.373 [main] INFO  testCases.DDT.TC_002_AccountRegistration - ****** account_registration_email_field_warning_validation Started ******
20:57:54.427 [main] INFO  testCases.DDT.TC_002_AccountRegistration - ****** account_registration_email_field_warning_validation Finished ******
20:57:54.427 [main] INFO  testCases.DDT.TC_002_AccountRegistration - ****** TC_002_AccountRegistration Finished ******
20:57:54.428 [main] INFO  testCases.DDT.TC_002_AccountRegistration - ****** TC_002_AccountRegistration Started ******
20:57:54.428 [main] INFO  testCases.DDT.TC_002_AccountRegistration - ****** account_registration_password_field_warning_validation Started ******
20:57:58.365 [main] INFO  testCases.DDT.TC_002_AccountRegistration - ****** account_registration_password_field_warning_validation Finished ******
20:57:58.365 [main] INFO  testCases.DDT.TC_002_AccountRegistration - ****** TC_002_AccountRegistration Finished ******
20:57:58.367 [main] INFO  testCases.DDT.TC_002_AccountRegistration - ****** TC_002_AccountRegistration Started ******
20:57:58.367 [main] INFO  testCases.DDT.TC_002_AccountRegistration - ****** account_fields_placeholder_validation Started ******
20:57:58.426 [main] INFO  testCases.DDT.TC_002_AccountRegistration - ****** account_fields_placeholder_validation Finished ******
20:57:58.426 [main] INFO  testCases.DDT.TC_002_AccountRegistration - ****** TC_002_AccountRegistration Finished ******
20:57:58.428 [main] INFO  testCases.DDT.TC_002_AccountRegistration - ****** TC_002_AccountRegistration Started ******
20:57:58.428 [main] INFO  testCases.DDT.TC_002_AccountRegistration - ****** account_registration_privacy_policy_warning_validation Started ******
20:58:02.302 [main] INFO  testCases.DDT.TC_002_AccountRegistration - ****** account_registration_privacy_policy_warning_validation Finished ******
20:58:02.302 [main] INFO  testCases.DDT.TC_002_AccountRegistration - ****** TC_002_AccountRegistration Finished ******
20:58:02.303 [main] INFO  testCases.DDT.TC_002_AccountRegistration - ****** TC_002_AccountRegistration Started ******
20:58:02.303 [main] INFO  testCases.DDT.TC_002_AccountRegistration - ****** account_registration_field_trailing_spaces Started ******
20:58:06.903 [main] INFO  testCases.DDT.TC_002_AccountRegistration - ****** account_registration_field_trailing_spaces Finished ******
20:58:06.904 [main] INFO  testCases.DDT.TC_002_AccountRegistration - ****** TC_002_AccountRegistration Finished ******
20:58:09.325 [main] INFO  testCases.DDT.TC_003_AccountLogout - ****** TC_003_AccountLogout Started ******
20:58:09.325 [main] INFO  testCases.DDT.TC_003_AccountLogout - ****** account_logout Started ******
20:58:11.546 [main] INFO  testCases.DDT.TC_003_AccountLogout - ****** account_logout Finished ******
20:58:11.546 [main] INFO  testCases.DDT.TC_003_AccountLogout - ****** TC_003_AccountLogout Finished ******
20:58:11.547 [main] INFO  testCases.DDT.TC_003_AccountLogout - ****** TC_003_AccountLogout Started ******
20:58:11.547 [main] INFO  testCases.DDT.TC_003_AccountLogout - ****** account_logout_from_right_column Started ******
20:58:13.453 [main] INFO  testCases.DDT.TC_003_AccountLogout - ****** account_logout_from_right_column Finished ******
20:58:13.454 [main] INFO  testCases.DDT.TC_003_AccountLogout - ****** TC_003_AccountLogout Finished ******
20:58:13.455 [main] INFO  testCases.DDT.TC_003_AccountLogout - ****** TC_003_AccountLogout Started ******
20:58:13.455 [main] INFO  testCases.DDT.TC_003_AccountLogout - ****** account_logout_browser_back Started ******
20:58:15.721 [main] INFO  testCases.DDT.TC_003_AccountLogout - ****** account_logout_browser_back Finished ******
20:58:15.721 [main] INFO  testCases.DDT.TC_003_AccountLogout - ****** TC_003_AccountLogout Finished ******
20:58:15.722 [main] INFO  testCases.DDT.TC_003_AccountLogout - ****** TC_003_AccountLogout Started ******
20:58:15.722 [main] INFO  testCases.DDT.TC_003_AccountLogout - ****** account_check_logout_btn_exists Started ******
20:58:25.896 [main] INFO  testCases.DDT.TC_003_AccountLogout - ****** account_check_logout_btn_exists Finished ******
20:58:25.896 [main] INFO  testCases.DDT.TC_003_AccountLogout - ****** TC_003_AccountLogout Finished ******
20:58:25.898 [main] INFO  testCases.DDT.TC_003_AccountLogout - ****** TC_003_AccountLogout Started ******
20:58:25.898 [main] INFO  testCases.DDT.TC_003_AccountLogout - ****** account_check_logout_right_column_btn_exists Started ******
20:58:36.232 [main] INFO  testCases.DDT.TC_003_AccountLogout - ****** account_check_logout_right_column_btn_exists Finished ******
20:58:36.232 [main] INFO  testCases.DDT.TC_003_AccountLogout - ****** TC_003_AccountLogout Finished ******
20:58:36.233 [main] INFO  testCases.DDT.TC_003_AccountLogout - ****** TC_003_AccountLogout Started ******
20:58:36.233 [main] INFO  testCases.DDT.TC_003_AccountLogout - ****** account_login_two_times Started ******
20:58:39.615 [main] INFO  testCases.DDT.TC_003_AccountLogout - ****** account_login_two_times Finished ******
20:58:39.615 [main] INFO  testCases.DDT.TC_003_AccountLogout - ****** TC_003_AccountLogout Finished ******
09:00:42.829 [main] INFO  testCases.DDT.TC_004_SearchPage - ****** TC_004_SearchPage Started ******
09:00:42.831 [main] INFO  testCases.DDT.TC_004_SearchPage - ****** searched_product_text_validation Started ******
09:00:43.745 [main] INFO  testCases.DDT.TC_004_SearchPage - ****** searched_product_text_validation Finished ******
09:00:43.745 [main] INFO  testCases.DDT.TC_004_SearchPage - ****** TC_004_SearchPage Finished ******
09:13:37.211 [main] INFO  testCases.DDT.TC_004_SearchPage - ****** TC_004_SearchPage Started ******
09:13:37.218 [main] INFO  testCases.DDT.TC_004_SearchPage - ****** searched_product_text_validation Started ******
09:13:40.831 [main] INFO  testCases.DDT.TC_004_SearchPage - ****** searched_product_text_validation Finished ******
09:13:40.831 [main] INFO  testCases.DDT.TC_004_SearchPage - ****** TC_004_SearchPage Finished ******
09:13:40.864 [main] INFO  testCases.DDT.TC_004_SearchPage - ****** TC_004_SearchPage Started ******
09:13:40.865 [main] INFO  testCases.DDT.TC_004_SearchPage - ****** no_product_found Started ******
09:13:52.702 [main] INFO  testCases.DDT.TC_004_SearchPage - ****** no_product_found Finished ******
09:13:52.702 [main] INFO  testCases.DDT.TC_004_SearchPage - ****** TC_004_SearchPage Finished ******
09:24:44.083 [main] INFO  testCases.DDT.TC_004_SearchPage - ****** TC_004_SearchPage Started ******
09:24:44.086 [main] INFO  testCases.DDT.TC_004_SearchPage - ****** searched_product_text_validation Started ******
09:24:44.792 [main] INFO  testCases.DDT.TC_004_SearchPage - ****** searched_product_text_validation Finished ******
09:24:44.792 [main] INFO  testCases.DDT.TC_004_SearchPage - ****** TC_004_SearchPage Finished ******
09:24:44.802 [main] INFO  testCases.DDT.TC_004_SearchPage - ****** TC_004_SearchPage Started ******
09:24:44.802 [main] INFO  testCases.DDT.TC_004_SearchPage - ****** no_product_found Started ******
09:24:55.441 [main] INFO  testCases.DDT.TC_004_SearchPage - ****** no_product_found Finished ******
09:24:55.441 [main] INFO  testCases.DDT.TC_004_SearchPage - ****** TC_004_SearchPage Finished ******
09:24:55.442 [main] INFO  testCases.DDT.TC_004_SearchPage - ****** TC_004_SearchPage Started ******
09:24:55.442 [main] INFO  testCases.DDT.TC_004_SearchPage - ****** no_product_found Started ******
09:25:38.481 [main] INFO  testCases.DDT.TC_004_SearchPage - ****** TC_004_SearchPage Started ******
09:25:38.486 [main] INFO  testCases.DDT.TC_004_SearchPage - ****** searched_product_text_validation Started ******
09:25:39.735 [main] INFO  testCases.DDT.TC_004_SearchPage - ****** searched_product_text_validation Finished ******
09:25:39.735 [main] INFO  testCases.DDT.TC_004_SearchPage - ****** TC_004_SearchPage Finished ******
09:25:39.747 [main] INFO  testCases.DDT.TC_004_SearchPage - ****** TC_004_SearchPage Started ******
09:25:39.747 [main] INFO  testCases.DDT.TC_004_SearchPage - ****** no_product_found Started ******
09:25:50.525 [main] INFO  testCases.DDT.TC_004_SearchPage - ****** no_product_found Finished ******
09:25:50.525 [main] INFO  testCases.DDT.TC_004_SearchPage - ****** TC_004_SearchPage Finished ******
09:25:50.527 [main] INFO  testCases.DDT.TC_004_SearchPage - ****** TC_004_SearchPage Started ******
09:25:50.527 [main] INFO  testCases.DDT.TC_004_SearchPage - ****** no_product_found Started ******
09:26:01.155 [main] INFO  testCases.DDT.TC_004_SearchPage - ****** no_product_found Finished ******
09:26:01.155 [main] INFO  testCases.DDT.TC_004_SearchPage - ****** TC_004_SearchPage Finished ******
09:26:01.156 [main] INFO  testCases.DDT.TC_004_SearchPage - ****** TC_004_SearchPage Started ******
09:26:01.286 [main] INFO  testCases.DDT.TC_004_SearchPage - ****** TC_004_SearchPage Started ******
09:26:55.695 [main] INFO  testCases.DDT.TC_004_SearchPage - ****** TC_004_SearchPage Started ******
09:26:55.700 [main] INFO  testCases.DDT.TC_004_SearchPage - ****** searched_product_text_validation Started ******
09:26:56.613 [main] INFO  testCases.DDT.TC_004_SearchPage - ****** searched_product_text_validation Finished ******
09:26:56.613 [main] INFO  testCases.DDT.TC_004_SearchPage - ****** TC_004_SearchPage Finished ******
09:26:56.636 [main] INFO  testCases.DDT.TC_004_SearchPage - ****** TC_004_SearchPage Started ******
09:26:56.636 [main] INFO  testCases.DDT.TC_004_SearchPage - ****** no_product_found Started ******
09:27:07.465 [main] INFO  testCases.DDT.TC_004_SearchPage - ****** no_product_found Finished ******
09:27:07.466 [main] INFO  testCases.DDT.TC_004_SearchPage - ****** TC_004_SearchPage Finished ******
09:27:07.467 [main] INFO  testCases.DDT.TC_004_SearchPage - ****** TC_004_SearchPage Started ******
09:27:07.467 [main] INFO  testCases.DDT.TC_004_SearchPage - ****** no_product_found Started ******
09:27:18.059 [main] INFO  testCases.DDT.TC_004_SearchPage - ****** no_product_found Finished ******
09:27:18.059 [main] INFO  testCases.DDT.TC_004_SearchPage - ****** TC_004_SearchPage Finished ******
09:27:18.061 [main] INFO  testCases.DDT.TC_004_SearchPage - ****** TC_004_SearchPage Started ******
09:27:18.061 [main] INFO  testCases.DDT.TC_004_SearchPage - ****** searched_product_after_login Started ******
09:27:20.330 [main] INFO  testCases.DDT.TC_004_SearchPage - ****** searched_product_after_login Finished ******
09:27:20.331 [main] INFO  testCases.DDT.TC_004_SearchPage - ****** TC_004_SearchPage Finished ******
09:27:20.333 [main] INFO  testCases.DDT.TC_004_SearchPage - ****** TC_004_SearchPage Started ******
09:27:20.333 [main] INFO  testCases.DDT.TC_004_SearchPage - ****** multiple_product_found Started ******
09:27:20.944 [main] INFO  testCases.DDT.TC_004_SearchPage - ****** multiple_product_found Finished ******
09:27:20.944 [main] INFO  testCases.DDT.TC_004_SearchPage - ****** TC_004_SearchPage Finished ******
09:29:52.524 [main] INFO  testCases.DDT.TC_004_SearchPage - ****** TC_004_SearchPage Started ******
09:29:52.533 [main] INFO  testCases.DDT.TC_004_SearchPage - ****** searched_product_text_validation Started ******
09:29:54.454 [main] INFO  testCases.DDT.TC_004_SearchPage - ****** searched_product_text_validation Finished ******
09:29:54.454 [main] INFO  testCases.DDT.TC_004_SearchPage - ****** TC_004_SearchPage Finished ******
09:29:54.482 [main] INFO  testCases.DDT.TC_004_SearchPage - ****** TC_004_SearchPage Started ******
09:29:54.482 [main] INFO  testCases.DDT.TC_004_SearchPage - ****** no_product_found Started ******
09:30:05.995 [main] INFO  testCases.DDT.TC_004_SearchPage - ****** no_product_found Finished ******
09:30:05.995 [main] INFO  testCases.DDT.TC_004_SearchPage - ****** TC_004_SearchPage Finished ******
09:30:05.998 [main] INFO  testCases.DDT.TC_004_SearchPage - ****** TC_004_SearchPage Started ******
09:30:05.998 [main] INFO  testCases.DDT.TC_004_SearchPage - ****** no_product_found Started ******
09:30:17.308 [main] INFO  testCases.DDT.TC_004_SearchPage - ****** no_product_found Finished ******
09:30:17.308 [main] INFO  testCases.DDT.TC_004_SearchPage - ****** TC_004_SearchPage Finished ******
09:30:17.311 [main] INFO  testCases.DDT.TC_004_SearchPage - ****** TC_004_SearchPage Started ******
09:30:17.311 [main] INFO  testCases.DDT.TC_004_SearchPage - ****** searched_product_after_login Started ******
09:30:40.597 [main] INFO  testCases.DDT.TC_004_SearchPage - ****** searched_product_after_login Finished ******
09:30:40.597 [main] INFO  testCases.DDT.TC_004_SearchPage - ****** TC_004_SearchPage Finished ******
09:30:40.600 [main] INFO  testCases.DDT.TC_004_SearchPage - ****** TC_004_SearchPage Started ******
09:30:40.600 [main] INFO  testCases.DDT.TC_004_SearchPage - ****** multiple_product_found Started ******
09:30:42.606 [main] INFO  testCases.DDT.TC_004_SearchPage - ****** multiple_product_found Finished ******
09:30:42.607 [main] INFO  testCases.DDT.TC_004_SearchPage - ****** TC_004_SearchPage Finished ******
09:42:41.589 [main] INFO  testCases.DDT.TC_004_SearchPage - ****** TC_004_SearchPage Started ******
09:42:41.873 [main] INFO  testCases.DDT.TC_004_SearchPage - ****** TC_004_SearchPage Started ******
09:42:42.080 [main] INFO  testCases.DDT.TC_004_SearchPage - ****** TC_004_SearchPage Started ******
09:42:42.260 [main] INFO  testCases.DDT.TC_004_SearchPage - ****** TC_004_SearchPage Started ******
09:42:42.435 [main] INFO  testCases.DDT.TC_004_SearchPage - ****** TC_004_SearchPage Started ******
09:42:42.627 [main] INFO  testCases.DDT.TC_004_SearchPage - ****** TC_004_SearchPage Started ******
09:42:42.789 [main] INFO  testCases.DDT.TC_004_SearchPage - ****** TC_004_SearchPage Started ******
09:42:42.789 [main] INFO  testCases.DDT.TC_004_SearchPage - ****** search_product_under_search_criteria Started ******
09:42:44.517 [main] INFO  testCases.DDT.TC_004_SearchPage - ****** search_product_under_search_criteria Finished ******
09:42:44.518 [main] INFO  testCases.DDT.TC_004_SearchPage - ****** TC_004_SearchPage Finished ******
09:43:18.344 [main] INFO  testCases.DDT.TC_004_SearchPage - ****** TC_004_SearchPage Started ******
09:43:18.641 [main] INFO  testCases.DDT.TC_004_SearchPage - ****** TC_004_SearchPage Started ******
09:43:18.837 [main] INFO  testCases.DDT.TC_004_SearchPage - ****** TC_004_SearchPage Started ******
09:43:19.056 [main] INFO  testCases.DDT.TC_004_SearchPage - ****** TC_004_SearchPage Started ******
09:43:19.259 [main] INFO  testCases.DDT.TC_004_SearchPage - ****** TC_004_SearchPage Started ******
09:43:19.452 [main] INFO  testCases.DDT.TC_004_SearchPage - ****** TC_004_SearchPage Started ******
09:43:19.641 [main] INFO  testCases.DDT.TC_004_SearchPage - ****** TC_004_SearchPage Started ******
09:43:19.641 [main] INFO  testCases.DDT.TC_004_SearchPage - ****** search_product_under_search_criteria Started ******
11:53:44.851 [main] INFO  testCases.DDT.TC_004_SearchPage - ****** TC_004_SearchPage Started ******
11:53:45.204 [main] INFO  testCases.DDT.TC_004_SearchPage - ****** TC_004_SearchPage Started ******
11:53:45.434 [main] INFO  testCases.DDT.TC_004_SearchPage - ****** TC_004_SearchPage Started ******
11:53:45.659 [main] INFO  testCases.DDT.TC_004_SearchPage - ****** TC_004_SearchPage Started ******
11:53:45.860 [main] INFO  testCases.DDT.TC_004_SearchPage - ****** TC_004_SearchPage Started ******
11:53:46.064 [main] INFO  testCases.DDT.TC_004_SearchPage - ****** TC_004_SearchPage Started ******
11:53:46.258 [main] INFO  testCases.DDT.TC_004_SearchPage - ****** TC_004_SearchPage Started ******
11:53:46.450 [main] INFO  testCases.DDT.TC_004_SearchPage - ****** TC_004_SearchPage Started ******
11:53:46.450 [main] INFO  testCases.DDT.TC_004_SearchPage - ****** search_product_by_category Started ******
11:53:47.950 [main] INFO  testCases.DDT.TC_004_SearchPage - ****** search_product_by_category Finished ******
11:53:47.950 [main] INFO  testCases.DDT.TC_004_SearchPage - ****** TC_004_SearchPage Finished ******
11:53:47.954 [main] INFO  testCases.DDT.TC_004_SearchPage - ****** TC_004_SearchPage Started ******
11:53:47.954 [main] INFO  testCases.DDT.TC_004_SearchPage - ****** search_product_by_category Started ******
11:53:48.749 [main] INFO  testCases.DDT.TC_004_SearchPage - ****** search_product_by_category Finished ******
11:53:48.749 [main] INFO  testCases.DDT.TC_004_SearchPage - ****** TC_004_SearchPage Finished ******
13:13:38.662 [main] INFO  testCases.DDT.TC_004_SearchPage - ****** TC_004_SearchPage Started ******
13:13:38.953 [main] INFO  testCases.DDT.TC_004_SearchPage - ****** TC_004_SearchPage Started ******
13:13:39.152 [main] INFO  testCases.DDT.TC_004_SearchPage - ****** TC_004_SearchPage Started ******
13:13:39.328 [main] INFO  testCases.DDT.TC_004_SearchPage - ****** TC_004_SearchPage Started ******
13:13:39.496 [main] INFO  testCases.DDT.TC_004_SearchPage - ****** TC_004_SearchPage Started ******
13:13:39.670 [main] INFO  testCases.DDT.TC_004_SearchPage - ****** TC_004_SearchPage Started ******
13:13:39.847 [main] INFO  testCases.DDT.TC_004_SearchPage - ****** TC_004_SearchPage Started ******
13:13:40.031 [main] INFO  testCases.DDT.TC_004_SearchPage - ****** TC_004_SearchPage Started ******
13:13:40.031 [main] INFO  testCases.DDT.TC_004_SearchPage - ****** search_product_by_category Started ******
13:13:40.856 [main] INFO  testCases.DDT.TC_004_SearchPage - ****** search_product_by_category Finished ******
13:13:40.856 [main] INFO  testCases.DDT.TC_004_SearchPage - ****** TC_004_SearchPage Finished ******
13:13:40.860 [main] INFO  testCases.DDT.TC_004_SearchPage - ****** TC_004_SearchPage Started ******
13:13:40.860 [main] INFO  testCases.DDT.TC_004_SearchPage - ****** search_product_by_category Started ******
13:13:41.552 [main] INFO  testCases.DDT.TC_004_SearchPage - ****** search_product_by_category Finished ******
13:13:41.552 [main] INFO  testCases.DDT.TC_004_SearchPage - ****** TC_004_SearchPage Finished ******
13:14:36.326 [main] INFO  testCases.DDT.TC_004_SearchPage - ****** TC_004_SearchPage Started ******
13:14:36.583 [main] INFO  testCases.DDT.TC_004_SearchPage - ****** TC_004_SearchPage Started ******
13:14:36.766 [main] INFO  testCases.DDT.TC_004_SearchPage - ****** TC_004_SearchPage Started ******
13:14:36.933 [main] INFO  testCases.DDT.TC_004_SearchPage - ****** TC_004_SearchPage Started ******
13:14:37.099 [main] INFO  testCases.DDT.TC_004_SearchPage - ****** TC_004_SearchPage Started ******
13:14:37.274 [main] INFO  testCases.DDT.TC_004_SearchPage - ****** TC_004_SearchPage Started ******
13:14:37.452 [main] INFO  testCases.DDT.TC_004_SearchPage - ****** TC_004_SearchPage Started ******
13:14:37.634 [main] INFO  testCases.DDT.TC_004_SearchPage - ****** TC_004_SearchPage Started ******
13:14:37.634 [main] INFO  testCases.DDT.TC_004_SearchPage - ****** search_product_by_category Started ******
13:14:38.441 [main] INFO  testCases.DDT.TC_004_SearchPage - ****** search_product_by_category Finished ******
13:14:38.442 [main] INFO  testCases.DDT.TC_004_SearchPage - ****** TC_004_SearchPage Finished ******
13:14:38.445 [main] INFO  testCases.DDT.TC_004_SearchPage - ****** TC_004_SearchPage Started ******
13:14:38.445 [main] INFO  testCases.DDT.TC_004_SearchPage - ****** search_product_by_category Started ******
13:14:39.095 [main] INFO  testCases.DDT.TC_004_SearchPage - ****** search_product_by_category Finished ******
13:14:39.095 [main] INFO  testCases.DDT.TC_004_SearchPage - ****** TC_004_SearchPage Finished ******
13:15:39.861 [main] INFO  testCases.DDT.TC_004_SearchPage - ****** TC_004_SearchPage Started ******
13:15:40.138 [main] INFO  testCases.DDT.TC_004_SearchPage - ****** TC_004_SearchPage Started ******
13:15:40.348 [main] INFO  testCases.DDT.TC_004_SearchPage - ****** TC_004_SearchPage Started ******
13:15:40.531 [main] INFO  testCases.DDT.TC_004_SearchPage - ****** TC_004_SearchPage Started ******
13:15:40.711 [main] INFO  testCases.DDT.TC_004_SearchPage - ****** TC_004_SearchPage Started ******
13:15:40.929 [main] INFO  testCases.DDT.TC_004_SearchPage - ****** TC_004_SearchPage Started ******
13:15:41.153 [main] INFO  testCases.DDT.TC_004_SearchPage - ****** TC_004_SearchPage Started ******
13:15:41.351 [main] INFO  testCases.DDT.TC_004_SearchPage - ****** TC_004_SearchPage Started ******
13:15:41.351 [main] INFO  testCases.DDT.TC_004_SearchPage - ****** search_product_by_category Started ******
13:15:43.284 [main] INFO  testCases.DDT.TC_004_SearchPage - ****** search_product_by_category Finished ******
13:15:43.284 [main] INFO  testCases.DDT.TC_004_SearchPage - ****** TC_004_SearchPage Finished ******
13:15:43.287 [main] INFO  testCases.DDT.TC_004_SearchPage - ****** TC_004_SearchPage Started ******
13:15:43.287 [main] INFO  testCases.DDT.TC_004_SearchPage - ****** search_product_by_category Started ******
13:18:40.763 [main] INFO  testCases.DDT.TC_004_SearchPage - ****** TC_004_SearchPage Started ******
13:18:41.055 [main] INFO  testCases.DDT.TC_004_SearchPage - ****** TC_004_SearchPage Started ******
13:18:41.254 [main] INFO  testCases.DDT.TC_004_SearchPage - ****** TC_004_SearchPage Started ******
13:18:41.430 [main] INFO  testCases.DDT.TC_004_SearchPage - ****** TC_004_SearchPage Started ******
13:18:41.618 [main] INFO  testCases.DDT.TC_004_SearchPage - ****** TC_004_SearchPage Started ******
13:18:41.822 [main] INFO  testCases.DDT.TC_004_SearchPage - ****** TC_004_SearchPage Started ******
13:18:41.998 [main] INFO  testCases.DDT.TC_004_SearchPage - ****** TC_004_SearchPage Started ******
13:18:42.188 [main] INFO  testCases.DDT.TC_004_SearchPage - ****** TC_004_SearchPage Started ******
13:18:42.188 [main] INFO  testCases.DDT.TC_004_SearchPage - ****** search_product_by_category_product_found Started ******
13:18:43.865 [main] INFO  testCases.DDT.TC_004_SearchPage - ****** search_product_by_category_product_found Finished ******
13:18:43.866 [main] INFO  testCases.DDT.TC_004_SearchPage - ****** TC_004_SearchPage Finished ******
13:18:43.867 [main] INFO  testCases.DDT.TC_004_SearchPage - ****** TC_004_SearchPage Started ******
13:18:43.867 [main] INFO  testCases.DDT.TC_004_SearchPage - ****** search_product_by_category_no_product_found Started ******
13:18:55.490 [main] INFO  testCases.DDT.TC_004_SearchPage - ****** search_product_by_category_no_product_found Finished ******
13:18:55.490 [main] INFO  testCases.DDT.TC_004_SearchPage - ****** TC_004_SearchPage Finished ******
13:20:59.141 [main] INFO  testCases.DDT.TC_004_SearchPage - ****** TC_004_SearchPage Started ******
13:20:59.146 [main] INFO  testCases.DDT.TC_004_SearchPage - ****** searched_product_text_validation Started ******
13:21:01.239 [main] INFO  testCases.DDT.TC_004_SearchPage - ****** searched_product_text_validation Finished ******
13:21:01.239 [main] INFO  testCases.DDT.TC_004_SearchPage - ****** TC_004_SearchPage Finished ******
13:21:01.270 [main] INFO  testCases.DDT.TC_004_SearchPage - ****** TC_004_SearchPage Started ******
13:21:01.271 [main] INFO  testCases.DDT.TC_004_SearchPage - ****** no_product_found Started ******
13:21:13.238 [main] INFO  testCases.DDT.TC_004_SearchPage - ****** no_product_found Finished ******
13:21:13.238 [main] INFO  testCases.DDT.TC_004_SearchPage - ****** TC_004_SearchPage Finished ******
13:21:13.242 [main] INFO  testCases.DDT.TC_004_SearchPage - ****** TC_004_SearchPage Started ******
13:21:13.242 [main] INFO  testCases.DDT.TC_004_SearchPage - ****** no_product_found Started ******
13:21:24.157 [main] INFO  testCases.DDT.TC_004_SearchPage - ****** no_product_found Finished ******
13:21:24.157 [main] INFO  testCases.DDT.TC_004_SearchPage - ****** TC_004_SearchPage Finished ******
13:21:24.159 [main] INFO  testCases.DDT.TC_004_SearchPage - ****** TC_004_SearchPage Started ******
13:21:24.159 [main] INFO  testCases.DDT.TC_004_SearchPage - ****** multiple_product_found Started ******
13:21:25.156 [main] INFO  testCases.DDT.TC_004_SearchPage - ****** multiple_product_found Finished ******
13:21:25.156 [main] INFO  testCases.DDT.TC_004_SearchPage - ****** TC_004_SearchPage Finished ******
13:21:25.158 [main] INFO  testCases.DDT.TC_004_SearchPage - ****** TC_004_SearchPage Started ******
13:21:25.159 [main] INFO  testCases.DDT.TC_004_SearchPage - ****** multiple_product_found Started ******
13:21:26.194 [main] INFO  testCases.DDT.TC_004_SearchPage - ****** multiple_product_found Finished ******
13:21:26.194 [main] INFO  testCases.DDT.TC_004_SearchPage - ****** TC_004_SearchPage Finished ******
13:21:26.196 [main] INFO  testCases.DDT.TC_004_SearchPage - ****** TC_004_SearchPage Started ******
13:21:26.197 [main] INFO  testCases.DDT.TC_004_SearchPage - ****** searched_product_after_login Started ******
13:21:48.683 [main] INFO  testCases.DDT.TC_004_SearchPage - ****** searched_product_after_login Finished ******
13:21:48.683 [main] INFO  testCases.DDT.TC_004_SearchPage - ****** TC_004_SearchPage Finished ******
13:21:48.685 [main] INFO  testCases.DDT.TC_004_SearchPage - ****** TC_004_SearchPage Started ******
13:21:48.685 [main] INFO  testCases.DDT.TC_004_SearchPage - ****** search_product_under_search_criteria Started ******
13:21:51.310 [main] INFO  testCases.DDT.TC_004_SearchPage - ****** search_product_under_search_criteria Finished ******
13:21:51.310 [main] INFO  testCases.DDT.TC_004_SearchPage - ****** TC_004_SearchPage Finished ******
13:21:51.312 [main] INFO  testCases.DDT.TC_004_SearchPage - ****** TC_004_SearchPage Started ******
13:21:51.312 [main] INFO  testCases.DDT.TC_004_SearchPage - ****** search_product_by_category_product_found Started ******
13:21:53.047 [main] INFO  testCases.DDT.TC_004_SearchPage - ****** search_product_by_category_product_found Finished ******
13:21:53.047 [main] INFO  testCases.DDT.TC_004_SearchPage - ****** TC_004_SearchPage Finished ******
13:21:53.048 [main] INFO  testCases.DDT.TC_004_SearchPage - ****** TC_004_SearchPage Started ******
13:21:53.049 [main] INFO  testCases.DDT.TC_004_SearchPage - ****** search_product_by_category_no_product_found Started ******
13:22:04.932 [main] INFO  testCases.DDT.TC_004_SearchPage - ****** search_product_by_category_no_product_found Finished ******
13:22:04.932 [main] INFO  testCases.DDT.TC_004_SearchPage - ****** TC_004_SearchPage Finished ******
13:37:48.075 [main] INFO  testCases.DDT.TC_004_SearchPage - ****** TC_004_SearchPage Started ******
13:37:48.081 [main] INFO  testCases.DDT.TC_004_SearchPage - ****** searched_product_text_validation Started ******
13:37:49.187 [main] INFO  testCases.DDT.TC_004_SearchPage - ****** searched_product_text_validation Finished ******
13:37:49.187 [main] INFO  testCases.DDT.TC_004_SearchPage - ****** TC_004_SearchPage Finished ******
13:37:49.197 [main] INFO  testCases.DDT.TC_004_SearchPage - ****** TC_004_SearchPage Started ******
13:37:49.197 [main] INFO  testCases.DDT.TC_004_SearchPage - ****** no_product_found Started ******
13:38:00.110 [main] INFO  testCases.DDT.TC_004_SearchPage - ****** no_product_found Finished ******
13:38:00.111 [main] INFO  testCases.DDT.TC_004_SearchPage - ****** TC_004_SearchPage Finished ******
13:38:00.140 [main] INFO  testCases.DDT.TC_004_SearchPage - ****** TC_004_SearchPage Started ******
13:38:00.143 [main] INFO  testCases.DDT.TC_004_SearchPage - ****** no_product_found Started ******
13:38:10.977 [main] INFO  testCases.DDT.TC_004_SearchPage - ****** no_product_found Finished ******
13:38:10.977 [main] INFO  testCases.DDT.TC_004_SearchPage - ****** TC_004_SearchPage Finished ******
13:38:10.978 [main] INFO  testCases.DDT.TC_004_SearchPage - ****** TC_004_SearchPage Started ******
13:38:10.979 [main] INFO  testCases.DDT.TC_004_SearchPage - ****** searched_product_after_login Started ******
13:38:33.215 [main] INFO  testCases.DDT.TC_004_SearchPage - ****** searched_product_after_login Finished ******
13:38:33.216 [main] INFO  testCases.DDT.TC_004_SearchPage - ****** TC_004_SearchPage Finished ******
13:38:33.217 [main] INFO  testCases.DDT.TC_004_SearchPage - ****** TC_004_SearchPage Started ******
13:38:33.217 [main] INFO  testCases.DDT.TC_004_SearchPage - ****** multiple_product_found Started ******
13:38:34.901 [main] INFO  testCases.DDT.TC_004_SearchPage - ****** multiple_product_found Finished ******
13:38:34.901 [main] INFO  testCases.DDT.TC_004_SearchPage - ****** TC_004_SearchPage Finished ******
13:38:34.904 [main] INFO  testCases.DDT.TC_004_SearchPage - ****** TC_004_SearchPage Started ******
13:38:34.904 [main] INFO  testCases.DDT.TC_004_SearchPage - ****** multiple_product_found Started ******
13:38:35.494 [main] INFO  testCases.DDT.TC_004_SearchPage - ****** multiple_product_found Finished ******
13:38:35.494 [main] INFO  testCases.DDT.TC_004_SearchPage - ****** TC_004_SearchPage Finished ******
13:38:35.496 [main] INFO  testCases.DDT.TC_004_SearchPage - ****** TC_004_SearchPage Started ******
13:38:35.496 [main] INFO  testCases.DDT.TC_004_SearchPage - ****** search_product_under_search_criteria Started ******
13:38:36.723 [main] INFO  testCases.DDT.TC_004_SearchPage - ****** search_product_under_search_criteria Finished ******
13:38:36.723 [main] INFO  testCases.DDT.TC_004_SearchPage - ****** TC_004_SearchPage Finished ******
13:38:36.724 [main] INFO  testCases.DDT.TC_004_SearchPage - ****** TC_004_SearchPage Started ******
13:38:36.724 [main] INFO  testCases.DDT.TC_004_SearchPage - ****** search_product_by_category_product_found Started ******
13:38:37.958 [main] INFO  testCases.DDT.TC_004_SearchPage - ****** search_product_by_category_product_found Finished ******
13:38:37.958 [main] INFO  testCases.DDT.TC_004_SearchPage - ****** TC_004_SearchPage Finished ******
