13:59:43.753 [main] INFO  testCases.DDT.TC_005_ProductDisplayPage - ****** TC_005_ProductDisplayPage Started ******
13:59:43.760 [main] INFO  testCases.DDT.TC_005_ProductDisplayPage - ****** product_details_verification Started ******
13:59:46.450 [main] INFO  testCases.DDT.TC_005_ProductDisplayPage - ****** product_details_verification Finished ******
13:59:46.450 [main] INFO  testCases.DDT.TC_005_ProductDisplayPage - ****** TC_005_ProductDisplayPage Finished ******
13:59:46.465 [main] INFO  testCases.DDT.TC_005_ProductDisplayPage - ****** TC_005_ProductDisplayPage Started ******
13:59:46.465 [main] INFO  testCases.DDT.TC_005_ProductDisplayPage - ****** product_availability_verification Started ******
13:59:48.811 [main] INFO  testCases.DDT.TC_005_ProductDisplayPage - ****** product_availability_verification Finished ******
13:59:48.811 [main] INFO  testCases.DDT.TC_005_ProductDisplayPage - ****** TC_005_ProductDisplayPage Finished ******
13:59:48.813 [main] INFO  testCases.DDT.TC_005_ProductDisplayPage - ****** TC_005_ProductDisplayPage Started ******
13:59:48.813 [main] INFO  testCases.DDT.TC_005_ProductDisplayPage - ****** product_availability_verification Started ******
13:59:50.910 [main] INFO  testCases.DDT.TC_005_ProductDisplayPage - ****** product_availability_verification Finished ******
13:59:50.910 [main] INFO  testCases.DDT.TC_005_ProductDisplayPage - ****** TC_005_ProductDisplayPage Finished ******
13:59:50.913 [main] INFO  testCases.DDT.TC_005_ProductDisplayPage - ****** TC_005_ProductDisplayPage Started ******
13:59:50.913 [main] INFO  testCases.DDT.TC_005_ProductDisplayPage - ****** product_price_verification Started ******
13:59:53.191 [main] INFO  testCases.DDT.TC_005_ProductDisplayPage - ****** product_price_verification Finished ******
13:59:53.192 [main] INFO  testCases.DDT.TC_005_ProductDisplayPage - ****** TC_005_ProductDisplayPage Finished ******
13:59:53.194 [main] INFO  testCases.DDT.TC_005_ProductDisplayPage - ****** TC_005_ProductDisplayPage Started ******
13:59:53.194 [main] INFO  testCases.DDT.TC_005_ProductDisplayPage - ****** product_price_verification Started ******
13:59:55.432 [main] INFO  testCases.DDT.TC_005_ProductDisplayPage - ****** product_price_verification Finished ******
13:59:55.433 [main] INFO  testCases.DDT.TC_005_ProductDisplayPage - ****** TC_005_ProductDisplayPage Finished ******
13:59:55.436 [main] INFO  testCases.DDT.TC_005_ProductDisplayPage - ****** TC_005_ProductDisplayPage Started ******
13:59:55.436 [main] INFO  testCases.DDT.TC_005_ProductDisplayPage - ****** product_quantity_text_verification Started ******
13:59:58.865 [main] INFO  testCases.DDT.TC_005_ProductDisplayPage - ****** product_quantity_text_verification Finished ******
13:59:58.865 [main] INFO  testCases.DDT.TC_005_ProductDisplayPage - ****** TC_005_ProductDisplayPage Finished ******
13:59:58.868 [main] INFO  testCases.DDT.TC_005_ProductDisplayPage - ****** TC_005_ProductDisplayPage Started ******
13:59:58.868 [main] INFO  testCases.DDT.TC_005_ProductDisplayPage - ****** product_quantity_text_verification Started ******
14:00:01.300 [main] INFO  testCases.DDT.TC_005_ProductDisplayPage - ****** product_quantity_text_verification Finished ******
14:00:01.300 [main] INFO  testCases.DDT.TC_005_ProductDisplayPage - ****** TC_005_ProductDisplayPage Finished ******
14:00:01.302 [main] INFO  testCases.DDT.TC_005_ProductDisplayPage - ****** TC_005_ProductDisplayPage Started ******
14:00:01.302 [main] INFO  testCases.DDT.TC_005_ProductDisplayPage - ****** product_add_to_cart Started ******
14:00:05.036 [main] INFO  testCases.DDT.TC_005_ProductDisplayPage - ****** product_add_to_cart Finished ******
14:00:05.036 [main] INFO  testCases.DDT.TC_005_ProductDisplayPage - ****** TC_005_ProductDisplayPage Finished ******
14:00:05.038 [main] INFO  testCases.DDT.TC_005_ProductDisplayPage - ****** TC_005_ProductDisplayPage Started ******
14:00:05.038 [main] INFO  testCases.DDT.TC_005_ProductDisplayPage - ****** product_minimum_quantity_text_verification Started ******
14:00:08.269 [main] INFO  testCases.DDT.TC_005_ProductDisplayPage - ****** product_minimum_quantity_text_verification Finished ******
14:00:08.269 [main] INFO  testCases.DDT.TC_005_ProductDisplayPage - ****** TC_005_ProductDisplayPage Finished ******
14:00:08.271 [main] INFO  testCases.DDT.TC_005_ProductDisplayPage - ****** TC_005_ProductDisplayPage Started ******
14:00:08.271 [main] INFO  testCases.DDT.TC_005_ProductDisplayPage - ****** no_review_text_verification Started ******
14:00:11.893 [main] INFO  testCases.DDT.TC_005_ProductDisplayPage - ****** TC_005_ProductDisplayPage Started ******
14:00:11.893 [main] INFO  testCases.DDT.TC_005_ProductDisplayPage - ****** review_tab_focus_verification Started ******
14:00:16.213 [main] INFO  testCases.DDT.TC_005_ProductDisplayPage - ****** review_tab_focus_verification Finished ******
14:00:16.213 [main] INFO  testCases.DDT.TC_005_ProductDisplayPage - ****** TC_005_ProductDisplayPage Finished ******
14:00:16.215 [main] INFO  testCases.DDT.TC_005_ProductDisplayPage - ****** TC_005_ProductDisplayPage Started ******
14:00:16.215 [main] INFO  testCases.DDT.TC_005_ProductDisplayPage - ****** product_add_to_wishlist Started ******
14:00:21.600 [main] INFO  testCases.DDT.TC_005_ProductDisplayPage - ****** product_add_to_wishlist Finished ******
14:00:21.600 [main] INFO  testCases.DDT.TC_005_ProductDisplayPage - ****** TC_005_ProductDisplayPage Finished ******
14:00:21.601 [main] INFO  testCases.DDT.TC_005_ProductDisplayPage - ****** TC_005_ProductDisplayPage Started ******
14:00:21.601 [main] INFO  testCases.DDT.TC_005_ProductDisplayPage - ****** verfiy_product_added_to_wishlist Started ******
14:00:24.802 [main] INFO  testCases.DDT.TC_005_ProductDisplayPage - ****** verfiy_product_added_to_wishlist Finished ******
14:00:24.802 [main] INFO  testCases.DDT.TC_005_ProductDisplayPage - ****** TC_005_ProductDisplayPage Finished ******
14:00:24.804 [main] INFO  testCases.DDT.TC_005_ProductDisplayPage - ****** TC_005_ProductDisplayPage Started ******
14:00:24.804 [main] INFO  testCases.DDT.TC_005_ProductDisplayPage - ****** compare_product_success_verification Started ******
14:00:28.568 [main] INFO  testCases.DDT.TC_005_ProductDisplayPage - ****** compare_product_success_verification Finished ******
14:00:28.568 [main] INFO  testCases.DDT.TC_005_ProductDisplayPage - ****** TC_005_ProductDisplayPage Finished ******
14:02:02.124 [main] INFO  testCases.DDT.TC_005_ProductDisplayPage - ****** TC_005_ProductDisplayPage Started ******
14:02:02.128 [main] INFO  testCases.DDT.TC_005_ProductDisplayPage - ****** product_details_verification Started ******
14:02:04.854 [main] INFO  testCases.DDT.TC_005_ProductDisplayPage - ****** product_details_verification Finished ******
14:02:04.854 [main] INFO  testCases.DDT.TC_005_ProductDisplayPage - ****** TC_005_ProductDisplayPage Finished ******
14:02:04.864 [main] INFO  testCases.DDT.TC_005_ProductDisplayPage - ****** TC_005_ProductDisplayPage Started ******
14:02:04.864 [main] INFO  testCases.DDT.TC_005_ProductDisplayPage - ****** product_availability_verification Started ******
14:02:07.116 [main] INFO  testCases.DDT.TC_005_ProductDisplayPage - ****** product_availability_verification Finished ******
14:02:07.116 [main] INFO  testCases.DDT.TC_005_ProductDisplayPage - ****** TC_005_ProductDisplayPage Finished ******
14:02:07.118 [main] INFO  testCases.DDT.TC_005_ProductDisplayPage - ****** TC_005_ProductDisplayPage Started ******
14:02:07.118 [main] INFO  testCases.DDT.TC_005_ProductDisplayPage - ****** product_availability_verification Started ******
14:02:09.102 [main] INFO  testCases.DDT.TC_005_ProductDisplayPage - ****** product_availability_verification Finished ******
14:02:09.102 [main] INFO  testCases.DDT.TC_005_ProductDisplayPage - ****** TC_005_ProductDisplayPage Finished ******
14:02:09.103 [main] INFO  testCases.DDT.TC_005_ProductDisplayPage - ****** TC_005_ProductDisplayPage Started ******
14:02:09.103 [main] INFO  testCases.DDT.TC_005_ProductDisplayPage - ****** product_price_verification Started ******
14:02:11.123 [main] INFO  testCases.DDT.TC_005_ProductDisplayPage - ****** product_price_verification Finished ******
14:02:11.123 [main] INFO  testCases.DDT.TC_005_ProductDisplayPage - ****** TC_005_ProductDisplayPage Finished ******
14:02:11.125 [main] INFO  testCases.DDT.TC_005_ProductDisplayPage - ****** TC_005_ProductDisplayPage Started ******
14:02:11.125 [main] INFO  testCases.DDT.TC_005_ProductDisplayPage - ****** product_price_verification Started ******
14:02:13.251 [main] INFO  testCases.DDT.TC_005_ProductDisplayPage - ****** product_price_verification Finished ******
14:02:13.251 [main] INFO  testCases.DDT.TC_005_ProductDisplayPage - ****** TC_005_ProductDisplayPage Finished ******
14:02:13.253 [main] INFO  testCases.DDT.TC_005_ProductDisplayPage - ****** TC_005_ProductDisplayPage Started ******
14:02:13.253 [main] INFO  testCases.DDT.TC_005_ProductDisplayPage - ****** product_quantity_text_verification Started ******
14:02:15.371 [main] INFO  testCases.DDT.TC_005_ProductDisplayPage - ****** product_quantity_text_verification Finished ******
14:02:15.371 [main] INFO  testCases.DDT.TC_005_ProductDisplayPage - ****** TC_005_ProductDisplayPage Finished ******
14:02:15.372 [main] INFO  testCases.DDT.TC_005_ProductDisplayPage - ****** TC_005_ProductDisplayPage Started ******
14:02:15.372 [main] INFO  testCases.DDT.TC_005_ProductDisplayPage - ****** product_quantity_text_verification Started ******
14:02:17.373 [main] INFO  testCases.DDT.TC_005_ProductDisplayPage - ****** product_quantity_text_verification Finished ******
14:02:17.373 [main] INFO  testCases.DDT.TC_005_ProductDisplayPage - ****** TC_005_ProductDisplayPage Finished ******
14:02:17.374 [main] INFO  testCases.DDT.TC_005_ProductDisplayPage - ****** TC_005_ProductDisplayPage Started ******
14:02:17.374 [main] INFO  testCases.DDT.TC_005_ProductDisplayPage - ****** product_add_to_cart Started ******
14:02:20.639 [main] INFO  testCases.DDT.TC_005_ProductDisplayPage - ****** product_add_to_cart Finished ******
14:02:20.639 [main] INFO  testCases.DDT.TC_005_ProductDisplayPage - ****** TC_005_ProductDisplayPage Finished ******
14:02:20.640 [main] INFO  testCases.DDT.TC_005_ProductDisplayPage - ****** TC_005_ProductDisplayPage Started ******
14:02:20.640 [main] INFO  testCases.DDT.TC_005_ProductDisplayPage - ****** product_minimum_quantity_text_verification Started ******
14:02:23.644 [main] INFO  testCases.DDT.TC_005_ProductDisplayPage - ****** product_minimum_quantity_text_verification Finished ******
14:02:23.644 [main] INFO  testCases.DDT.TC_005_ProductDisplayPage - ****** TC_005_ProductDisplayPage Finished ******
14:02:23.646 [main] INFO  testCases.DDT.TC_005_ProductDisplayPage - ****** TC_005_ProductDisplayPage Started ******
14:02:23.646 [main] INFO  testCases.DDT.TC_005_ProductDisplayPage - ****** no_review_text_verification Started ******
14:02:26.901 [main] INFO  testCases.DDT.TC_005_ProductDisplayPage - ****** TC_005_ProductDisplayPage Started ******
14:02:26.901 [main] INFO  testCases.DDT.TC_005_ProductDisplayPage - ****** review_tab_focus_verification Started ******
14:02:31.167 [main] INFO  testCases.DDT.TC_005_ProductDisplayPage - ****** review_tab_focus_verification Finished ******
14:02:31.167 [main] INFO  testCases.DDT.TC_005_ProductDisplayPage - ****** TC_005_ProductDisplayPage Finished ******
14:02:31.168 [main] INFO  testCases.DDT.TC_005_ProductDisplayPage - ****** TC_005_ProductDisplayPage Started ******
14:02:31.168 [main] INFO  testCases.DDT.TC_005_ProductDisplayPage - ****** product_add_to_wishlist Started ******
14:02:36.569 [main] INFO  testCases.DDT.TC_005_ProductDisplayPage - ****** product_add_to_wishlist Finished ******
14:02:36.569 [main] INFO  testCases.DDT.TC_005_ProductDisplayPage - ****** TC_005_ProductDisplayPage Finished ******
14:02:36.571 [main] INFO  testCases.DDT.TC_005_ProductDisplayPage - ****** TC_005_ProductDisplayPage Started ******
14:02:36.571 [main] INFO  testCases.DDT.TC_005_ProductDisplayPage - ****** verfiy_product_added_to_wishlist Started ******
14:02:39.807 [main] INFO  testCases.DDT.TC_005_ProductDisplayPage - ****** verfiy_product_added_to_wishlist Finished ******
14:02:39.808 [main] INFO  testCases.DDT.TC_005_ProductDisplayPage - ****** TC_005_ProductDisplayPage Finished ******
14:02:39.809 [main] INFO  testCases.DDT.TC_005_ProductDisplayPage - ****** TC_005_ProductDisplayPage Started ******
14:02:39.809 [main] INFO  testCases.DDT.TC_005_ProductDisplayPage - ****** compare_product_success_verification Started ******
14:03:05.973 [main] INFO  testCases.DDT.TC_005_ProductDisplayPage - ****** TC_005_ProductDisplayPage Started ******
14:03:05.981 [main] INFO  testCases.DDT.TC_005_ProductDisplayPage - ****** product_details_verification Started ******
14:03:08.634 [main] INFO  testCases.DDT.TC_005_ProductDisplayPage - ****** product_details_verification Finished ******
14:03:08.635 [main] INFO  testCases.DDT.TC_005_ProductDisplayPage - ****** TC_005_ProductDisplayPage Finished ******
14:03:08.646 [main] INFO  testCases.DDT.TC_005_ProductDisplayPage - ****** TC_005_ProductDisplayPage Started ******
14:03:08.646 [main] INFO  testCases.DDT.TC_005_ProductDisplayPage - ****** product_availability_verification Started ******
14:03:11.100 [main] INFO  testCases.DDT.TC_005_ProductDisplayPage - ****** product_availability_verification Finished ******
14:03:11.100 [main] INFO  testCases.DDT.TC_005_ProductDisplayPage - ****** TC_005_ProductDisplayPage Finished ******
14:03:11.102 [main] INFO  testCases.DDT.TC_005_ProductDisplayPage - ****** TC_005_ProductDisplayPage Started ******
14:03:11.102 [main] INFO  testCases.DDT.TC_005_ProductDisplayPage - ****** product_availability_verification Started ******
14:03:13.362 [main] INFO  testCases.DDT.TC_005_ProductDisplayPage - ****** product_availability_verification Finished ******
14:03:13.362 [main] INFO  testCases.DDT.TC_005_ProductDisplayPage - ****** TC_005_ProductDisplayPage Finished ******
14:03:13.365 [main] INFO  testCases.DDT.TC_005_ProductDisplayPage - ****** TC_005_ProductDisplayPage Started ******
14:03:13.365 [main] INFO  testCases.DDT.TC_005_ProductDisplayPage - ****** product_price_verification Started ******
14:03:15.795 [main] INFO  testCases.DDT.TC_005_ProductDisplayPage - ****** product_price_verification Finished ******
14:03:15.795 [main] INFO  testCases.DDT.TC_005_ProductDisplayPage - ****** TC_005_ProductDisplayPage Finished ******
14:03:15.796 [main] INFO  testCases.DDT.TC_005_ProductDisplayPage - ****** TC_005_ProductDisplayPage Started ******
14:03:15.796 [main] INFO  testCases.DDT.TC_005_ProductDisplayPage - ****** product_price_verification Started ******
14:03:17.786 [main] INFO  testCases.DDT.TC_005_ProductDisplayPage - ****** product_price_verification Finished ******
14:03:17.786 [main] INFO  testCases.DDT.TC_005_ProductDisplayPage - ****** TC_005_ProductDisplayPage Finished ******
14:03:17.787 [main] INFO  testCases.DDT.TC_005_ProductDisplayPage - ****** TC_005_ProductDisplayPage Started ******
14:03:17.787 [main] INFO  testCases.DDT.TC_005_ProductDisplayPage - ****** product_quantity_text_verification Started ******
14:03:19.681 [main] INFO  testCases.DDT.TC_005_ProductDisplayPage - ****** product_quantity_text_verification Finished ******
14:03:19.681 [main] INFO  testCases.DDT.TC_005_ProductDisplayPage - ****** TC_005_ProductDisplayPage Finished ******
14:03:19.682 [main] INFO  testCases.DDT.TC_005_ProductDisplayPage - ****** TC_005_ProductDisplayPage Started ******
14:03:19.682 [main] INFO  testCases.DDT.TC_005_ProductDisplayPage - ****** product_quantity_text_verification Started ******
14:03:21.644 [main] INFO  testCases.DDT.TC_005_ProductDisplayPage - ****** product_quantity_text_verification Finished ******
14:03:21.644 [main] INFO  testCases.DDT.TC_005_ProductDisplayPage - ****** TC_005_ProductDisplayPage Finished ******
14:03:21.645 [main] INFO  testCases.DDT.TC_005_ProductDisplayPage - ****** TC_005_ProductDisplayPage Started ******
14:03:21.645 [main] INFO  testCases.DDT.TC_005_ProductDisplayPage - ****** product_add_to_cart Started ******
14:03:24.752 [main] INFO  testCases.DDT.TC_005_ProductDisplayPage - ****** product_add_to_cart Finished ******
14:03:24.752 [main] INFO  testCases.DDT.TC_005_ProductDisplayPage - ****** TC_005_ProductDisplayPage Finished ******
14:03:24.753 [main] INFO  testCases.DDT.TC_005_ProductDisplayPage - ****** TC_005_ProductDisplayPage Started ******
14:03:24.753 [main] INFO  testCases.DDT.TC_005_ProductDisplayPage - ****** product_minimum_quantity_text_verification Started ******
14:03:27.754 [main] INFO  testCases.DDT.TC_005_ProductDisplayPage - ****** product_minimum_quantity_text_verification Finished ******
14:03:27.754 [main] INFO  testCases.DDT.TC_005_ProductDisplayPage - ****** TC_005_ProductDisplayPage Finished ******
14:03:27.755 [main] INFO  testCases.DDT.TC_005_ProductDisplayPage - ****** TC_005_ProductDisplayPage Started ******
14:03:27.756 [main] INFO  testCases.DDT.TC_005_ProductDisplayPage - ****** no_review_text_verification Started ******
14:03:31.177 [main] INFO  testCases.DDT.TC_005_ProductDisplayPage - ****** TC_005_ProductDisplayPage Started ******
14:03:31.177 [main] INFO  testCases.DDT.TC_005_ProductDisplayPage - ****** review_tab_focus_verification Started ******
14:03:35.468 [main] INFO  testCases.DDT.TC_005_ProductDisplayPage - ****** review_tab_focus_verification Finished ******
14:03:35.468 [main] INFO  testCases.DDT.TC_005_ProductDisplayPage - ****** TC_005_ProductDisplayPage Finished ******
14:03:35.471 [main] INFO  testCases.DDT.TC_005_ProductDisplayPage - ****** TC_005_ProductDisplayPage Started ******
14:03:35.471 [main] INFO  testCases.DDT.TC_005_ProductDisplayPage - ****** product_add_to_wishlist Started ******
14:03:39.968 [main] INFO  testCases.DDT.TC_005_ProductDisplayPage - ****** product_add_to_wishlist Finished ******
14:03:39.968 [main] INFO  testCases.DDT.TC_005_ProductDisplayPage - ****** TC_005_ProductDisplayPage Finished ******
14:03:39.970 [main] INFO  testCases.DDT.TC_005_ProductDisplayPage - ****** TC_005_ProductDisplayPage Started ******
14:03:39.970 [main] INFO  testCases.DDT.TC_005_ProductDisplayPage - ****** verfiy_product_added_to_wishlist Started ******
14:03:42.080 [main] INFO  testCases.DDT.TC_005_ProductDisplayPage - ****** verfiy_product_added_to_wishlist Finished ******
14:03:42.080 [main] INFO  testCases.DDT.TC_005_ProductDisplayPage - ****** TC_005_ProductDisplayPage Finished ******
14:03:42.082 [main] INFO  testCases.DDT.TC_005_ProductDisplayPage - ****** TC_005_ProductDisplayPage Started ******
14:03:42.082 [main] INFO  testCases.DDT.TC_005_ProductDisplayPage - ****** compare_product_success_verification Started ******
14:37:28.014 [main] INFO  testCases.DDT.TC_005_ProductDisplayPage - ****** TC_005_ProductDisplayPage Started ******
14:37:28.019 [main] INFO  testCases.DDT.TC_005_ProductDisplayPage - ****** product_details_verification Started ******
14:37:30.578 [main] INFO  testCases.DDT.TC_005_ProductDisplayPage - ****** product_details_verification Finished ******
14:37:30.578 [main] INFO  testCases.DDT.TC_005_ProductDisplayPage - ****** TC_005_ProductDisplayPage Finished ******
14:37:30.597 [main] INFO  testCases.DDT.TC_005_ProductDisplayPage - ****** TC_005_ProductDisplayPage Started ******
14:37:30.597 [main] INFO  testCases.DDT.TC_005_ProductDisplayPage - ****** product_availability_verification Started ******
14:37:32.964 [main] INFO  testCases.DDT.TC_005_ProductDisplayPage - ****** product_availability_verification Finished ******
14:37:32.964 [main] INFO  testCases.DDT.TC_005_ProductDisplayPage - ****** TC_005_ProductDisplayPage Finished ******
14:37:32.968 [main] INFO  testCases.DDT.TC_005_ProductDisplayPage - ****** TC_005_ProductDisplayPage Started ******
14:37:32.968 [main] INFO  testCases.DDT.TC_005_ProductDisplayPage - ****** product_availability_verification Started ******
14:37:35.416 [main] INFO  testCases.DDT.TC_005_ProductDisplayPage - ****** product_availability_verification Finished ******
14:37:35.417 [main] INFO  testCases.DDT.TC_005_ProductDisplayPage - ****** TC_005_ProductDisplayPage Finished ******
14:37:35.419 [main] INFO  testCases.DDT.TC_005_ProductDisplayPage - ****** TC_005_ProductDisplayPage Started ******
14:37:35.420 [main] INFO  testCases.DDT.TC_005_ProductDisplayPage - ****** product_price_verification Started ******
14:37:37.711 [main] INFO  testCases.DDT.TC_005_ProductDisplayPage - ****** product_price_verification Finished ******
14:37:37.711 [main] INFO  testCases.DDT.TC_005_ProductDisplayPage - ****** TC_005_ProductDisplayPage Finished ******
14:37:37.714 [main] INFO  testCases.DDT.TC_005_ProductDisplayPage - ****** TC_005_ProductDisplayPage Started ******
14:37:37.714 [main] INFO  testCases.DDT.TC_005_ProductDisplayPage - ****** product_price_verification Started ******
14:37:40.037 [main] INFO  testCases.DDT.TC_005_ProductDisplayPage - ****** product_price_verification Finished ******
14:37:40.037 [main] INFO  testCases.DDT.TC_005_ProductDisplayPage - ****** TC_005_ProductDisplayPage Finished ******
14:37:40.040 [main] INFO  testCases.DDT.TC_005_ProductDisplayPage - ****** TC_005_ProductDisplayPage Started ******
14:37:40.040 [main] INFO  testCases.DDT.TC_005_ProductDisplayPage - ****** product_quantity_text_verification Started ******
14:37:42.000 [main] INFO  testCases.DDT.TC_005_ProductDisplayPage - ****** product_quantity_text_verification Finished ******
14:37:42.000 [main] INFO  testCases.DDT.TC_005_ProductDisplayPage - ****** TC_005_ProductDisplayPage Finished ******
14:37:42.002 [main] INFO  testCases.DDT.TC_005_ProductDisplayPage - ****** TC_005_ProductDisplayPage Started ******
14:37:42.003 [main] INFO  testCases.DDT.TC_005_ProductDisplayPage - ****** product_quantity_text_verification Started ******
14:37:43.981 [main] INFO  testCases.DDT.TC_005_ProductDisplayPage - ****** product_quantity_text_verification Finished ******
14:37:43.981 [main] INFO  testCases.DDT.TC_005_ProductDisplayPage - ****** TC_005_ProductDisplayPage Finished ******
14:37:43.983 [main] INFO  testCases.DDT.TC_005_ProductDisplayPage - ****** TC_005_ProductDisplayPage Started ******
14:37:43.983 [main] INFO  testCases.DDT.TC_005_ProductDisplayPage - ****** product_add_to_cart Started ******
14:37:47.224 [main] INFO  testCases.DDT.TC_005_ProductDisplayPage - ****** product_add_to_cart Finished ******
14:37:47.224 [main] INFO  testCases.DDT.TC_005_ProductDisplayPage - ****** TC_005_ProductDisplayPage Finished ******
14:37:47.225 [main] INFO  testCases.DDT.TC_005_ProductDisplayPage - ****** TC_005_ProductDisplayPage Started ******
14:37:47.226 [main] INFO  testCases.DDT.TC_005_ProductDisplayPage - ****** product_minimum_quantity_text_verification Started ******
14:37:50.195 [main] INFO  testCases.DDT.TC_005_ProductDisplayPage - ****** product_minimum_quantity_text_verification Finished ******
14:37:50.195 [main] INFO  testCases.DDT.TC_005_ProductDisplayPage - ****** TC_005_ProductDisplayPage Finished ******
14:37:50.196 [main] INFO  testCases.DDT.TC_005_ProductDisplayPage - ****** TC_005_ProductDisplayPage Started ******
14:37:50.196 [main] INFO  testCases.DDT.TC_005_ProductDisplayPage - ****** no_review_text_verification Started ******
14:37:53.385 [main] INFO  testCases.DDT.TC_005_ProductDisplayPage - ****** TC_005_ProductDisplayPage Started ******
14:37:53.385 [main] INFO  testCases.DDT.TC_005_ProductDisplayPage - ****** review_tab_focus_verification Started ******
14:37:57.599 [main] INFO  testCases.DDT.TC_005_ProductDisplayPage - ****** review_tab_focus_verification Finished ******
14:37:57.599 [main] INFO  testCases.DDT.TC_005_ProductDisplayPage - ****** TC_005_ProductDisplayPage Finished ******
14:37:57.601 [main] INFO  testCases.DDT.TC_005_ProductDisplayPage - ****** TC_005_ProductDisplayPage Started ******
14:37:57.601 [main] INFO  testCases.DDT.TC_005_ProductDisplayPage - ****** product_add_to_wishlist Started ******
14:38:02.963 [main] INFO  testCases.DDT.TC_005_ProductDisplayPage - ****** product_add_to_wishlist Finished ******
14:38:02.963 [main] INFO  testCases.DDT.TC_005_ProductDisplayPage - ****** TC_005_ProductDisplayPage Finished ******
14:38:02.964 [main] INFO  testCases.DDT.TC_005_ProductDisplayPage - ****** TC_005_ProductDisplayPage Started ******
14:38:02.964 [main] INFO  testCases.DDT.TC_005_ProductDisplayPage - ****** verfiy_product_added_to_wishlist Started ******
14:38:06.196 [main] INFO  testCases.DDT.TC_005_ProductDisplayPage - ****** verfiy_product_added_to_wishlist Finished ******
14:38:06.196 [main] INFO  testCases.DDT.TC_005_ProductDisplayPage - ****** TC_005_ProductDisplayPage Finished ******
14:38:06.198 [main] INFO  testCases.DDT.TC_005_ProductDisplayPage - ****** TC_005_ProductDisplayPage Started ******
14:38:06.198 [main] INFO  testCases.DDT.TC_005_ProductDisplayPage - ****** compare_product_success_verification Started ******
14:38:10.417 [main] INFO  testCases.DDT.TC_005_ProductDisplayPage - ****** compare_product_success_verification Finished ******
14:38:10.417 [main] INFO  testCases.DDT.TC_005_ProductDisplayPage - ****** TC_005_ProductDisplayPage Finished ******
14:38:37.012 [main] INFO  testCases.DDT.TC_005_ProductDisplayPage - ****** TC_005_ProductDisplayPage Started ******
14:38:37.017 [main] INFO  testCases.DDT.TC_005_ProductDisplayPage - ****** product_details_verification Started ******
14:38:39.181 [main] INFO  testCases.DDT.TC_005_ProductDisplayPage - ****** product_details_verification Finished ******
14:38:39.181 [main] INFO  testCases.DDT.TC_005_ProductDisplayPage - ****** TC_005_ProductDisplayPage Finished ******
14:38:39.194 [main] INFO  testCases.DDT.TC_005_ProductDisplayPage - ****** TC_005_ProductDisplayPage Started ******
14:38:39.194 [main] INFO  testCases.DDT.TC_005_ProductDisplayPage - ****** product_availability_verification Started ******
14:38:41.146 [main] INFO  testCases.DDT.TC_005_ProductDisplayPage - ****** product_availability_verification Finished ******
14:38:41.146 [main] INFO  testCases.DDT.TC_005_ProductDisplayPage - ****** TC_005_ProductDisplayPage Finished ******
14:38:41.150 [main] INFO  testCases.DDT.TC_005_ProductDisplayPage - ****** TC_005_ProductDisplayPage Started ******
14:38:41.150 [main] INFO  testCases.DDT.TC_005_ProductDisplayPage - ****** product_availability_verification Started ******
14:38:43.670 [main] INFO  testCases.DDT.TC_005_ProductDisplayPage - ****** product_availability_verification Finished ******
14:38:43.670 [main] INFO  testCases.DDT.TC_005_ProductDisplayPage - ****** TC_005_ProductDisplayPage Finished ******
14:38:43.672 [main] INFO  testCases.DDT.TC_005_ProductDisplayPage - ****** TC_005_ProductDisplayPage Started ******
14:38:43.672 [main] INFO  testCases.DDT.TC_005_ProductDisplayPage - ****** product_price_verification Started ******
14:38:45.845 [main] INFO  testCases.DDT.TC_005_ProductDisplayPage - ****** product_price_verification Finished ******
14:38:45.845 [main] INFO  testCases.DDT.TC_005_ProductDisplayPage - ****** TC_005_ProductDisplayPage Finished ******
14:38:45.847 [main] INFO  testCases.DDT.TC_005_ProductDisplayPage - ****** TC_005_ProductDisplayPage Started ******
14:38:45.847 [main] INFO  testCases.DDT.TC_005_ProductDisplayPage - ****** product_price_verification Started ******
14:38:47.995 [main] INFO  testCases.DDT.TC_005_ProductDisplayPage - ****** product_price_verification Finished ******
14:38:47.995 [main] INFO  testCases.DDT.TC_005_ProductDisplayPage - ****** TC_005_ProductDisplayPage Finished ******
14:38:47.998 [main] INFO  testCases.DDT.TC_005_ProductDisplayPage - ****** TC_005_ProductDisplayPage Started ******
14:38:47.998 [main] INFO  testCases.DDT.TC_005_ProductDisplayPage - ****** product_quantity_text_verification Started ******
14:38:50.603 [main] INFO  testCases.DDT.TC_005_ProductDisplayPage - ****** product_quantity_text_verification Finished ******
14:38:50.603 [main] INFO  testCases.DDT.TC_005_ProductDisplayPage - ****** TC_005_ProductDisplayPage Finished ******
14:38:50.606 [main] INFO  testCases.DDT.TC_005_ProductDisplayPage - ****** TC_005_ProductDisplayPage Started ******
14:38:50.606 [main] INFO  testCases.DDT.TC_005_ProductDisplayPage - ****** product_quantity_text_verification Started ******
14:38:52.831 [main] INFO  testCases.DDT.TC_005_ProductDisplayPage - ****** product_quantity_text_verification Finished ******
14:38:52.831 [main] INFO  testCases.DDT.TC_005_ProductDisplayPage - ****** TC_005_ProductDisplayPage Finished ******
14:38:52.833 [main] INFO  testCases.DDT.TC_005_ProductDisplayPage - ****** TC_005_ProductDisplayPage Started ******
14:38:52.833 [main] INFO  testCases.DDT.TC_005_ProductDisplayPage - ****** product_add_to_cart Started ******
14:38:56.146 [main] INFO  testCases.DDT.TC_005_ProductDisplayPage - ****** product_add_to_cart Finished ******
14:38:56.146 [main] INFO  testCases.DDT.TC_005_ProductDisplayPage - ****** TC_005_ProductDisplayPage Finished ******
14:38:56.147 [main] INFO  testCases.DDT.TC_005_ProductDisplayPage - ****** TC_005_ProductDisplayPage Started ******
14:38:56.147 [main] INFO  testCases.DDT.TC_005_ProductDisplayPage - ****** product_minimum_quantity_text_verification Started ******
14:38:59.213 [main] INFO  testCases.DDT.TC_005_ProductDisplayPage - ****** product_minimum_quantity_text_verification Finished ******
14:38:59.214 [main] INFO  testCases.DDT.TC_005_ProductDisplayPage - ****** TC_005_ProductDisplayPage Finished ******
14:38:59.215 [main] INFO  testCases.DDT.TC_005_ProductDisplayPage - ****** TC_005_ProductDisplayPage Started ******
14:38:59.215 [main] INFO  testCases.DDT.TC_005_ProductDisplayPage - ****** no_review_text_verification Started ******
14:39:02.609 [main] INFO  testCases.DDT.TC_005_ProductDisplayPage - ****** TC_005_ProductDisplayPage Started ******
14:39:02.610 [main] INFO  testCases.DDT.TC_005_ProductDisplayPage - ****** review_tab_focus_verification Started ******
14:39:06.812 [main] INFO  testCases.DDT.TC_005_ProductDisplayPage - ****** review_tab_focus_verification Finished ******
14:39:06.812 [main] INFO  testCases.DDT.TC_005_ProductDisplayPage - ****** TC_005_ProductDisplayPage Finished ******
14:39:06.813 [main] INFO  testCases.DDT.TC_005_ProductDisplayPage - ****** TC_005_ProductDisplayPage Started ******
14:39:06.814 [main] INFO  testCases.DDT.TC_005_ProductDisplayPage - ****** product_add_to_wishlist Started ******
14:39:12.109 [main] INFO  testCases.DDT.TC_005_ProductDisplayPage - ****** product_add_to_wishlist Finished ******
14:39:12.109 [main] INFO  testCases.DDT.TC_005_ProductDisplayPage - ****** TC_005_ProductDisplayPage Finished ******
14:39:12.111 [main] INFO  testCases.DDT.TC_005_ProductDisplayPage - ****** TC_005_ProductDisplayPage Started ******
14:39:12.111 [main] INFO  testCases.DDT.TC_005_ProductDisplayPage - ****** verfiy_product_added_to_wishlist Started ******
14:39:15.337 [main] INFO  testCases.DDT.TC_005_ProductDisplayPage - ****** verfiy_product_added_to_wishlist Finished ******
14:39:15.337 [main] INFO  testCases.DDT.TC_005_ProductDisplayPage - ****** TC_005_ProductDisplayPage Finished ******
14:39:15.338 [main] INFO  testCases.DDT.TC_005_ProductDisplayPage - ****** TC_005_ProductDisplayPage Started ******
14:39:15.339 [main] INFO  testCases.DDT.TC_005_ProductDisplayPage - ****** compare_product_success_verification Started ******
14:40:50.612 [main] INFO  testCases.DDT.TC_005_ProductDisplayPage - ****** TC_005_ProductDisplayPage Started ******
14:40:50.618 [main] INFO  testCases.DDT.TC_005_ProductDisplayPage - ****** product_details_verification Started ******
14:40:53.067 [main] INFO  testCases.DDT.TC_005_ProductDisplayPage - ****** product_details_verification Finished ******
14:40:53.068 [main] INFO  testCases.DDT.TC_005_ProductDisplayPage - ****** TC_005_ProductDisplayPage Finished ******
14:40:53.083 [main] INFO  testCases.DDT.TC_005_ProductDisplayPage - ****** TC_005_ProductDisplayPage Started ******
14:40:53.083 [main] INFO  testCases.DDT.TC_005_ProductDisplayPage - ****** product_availability_verification Started ******
14:40:55.193 [main] INFO  testCases.DDT.TC_005_ProductDisplayPage - ****** product_availability_verification Finished ******
14:40:55.194 [main] INFO  testCases.DDT.TC_005_ProductDisplayPage - ****** TC_005_ProductDisplayPage Finished ******
14:40:55.196 [main] INFO  testCases.DDT.TC_005_ProductDisplayPage - ****** TC_005_ProductDisplayPage Started ******
14:40:55.196 [main] INFO  testCases.DDT.TC_005_ProductDisplayPage - ****** product_availability_verification Started ******
14:40:57.306 [main] INFO  testCases.DDT.TC_005_ProductDisplayPage - ****** product_availability_verification Finished ******
14:40:57.306 [main] INFO  testCases.DDT.TC_005_ProductDisplayPage - ****** TC_005_ProductDisplayPage Finished ******
14:40:57.309 [main] INFO  testCases.DDT.TC_005_ProductDisplayPage - ****** TC_005_ProductDisplayPage Started ******
14:40:57.309 [main] INFO  testCases.DDT.TC_005_ProductDisplayPage - ****** product_price_verification Started ******
14:40:59.394 [main] INFO  testCases.DDT.TC_005_ProductDisplayPage - ****** product_price_verification Finished ******
14:40:59.395 [main] INFO  testCases.DDT.TC_005_ProductDisplayPage - ****** TC_005_ProductDisplayPage Finished ******
14:40:59.397 [main] INFO  testCases.DDT.TC_005_ProductDisplayPage - ****** TC_005_ProductDisplayPage Started ******
14:40:59.397 [main] INFO  testCases.DDT.TC_005_ProductDisplayPage - ****** product_price_verification Started ******
14:41:01.735 [main] INFO  testCases.DDT.TC_005_ProductDisplayPage - ****** product_price_verification Finished ******
14:41:01.735 [main] INFO  testCases.DDT.TC_005_ProductDisplayPage - ****** TC_005_ProductDisplayPage Finished ******
14:41:01.737 [main] INFO  testCases.DDT.TC_005_ProductDisplayPage - ****** TC_005_ProductDisplayPage Started ******
14:41:01.737 [main] INFO  testCases.DDT.TC_005_ProductDisplayPage - ****** product_quantity_text_verification Started ******
14:41:03.960 [main] INFO  testCases.DDT.TC_005_ProductDisplayPage - ****** product_quantity_text_verification Finished ******
14:41:03.960 [main] INFO  testCases.DDT.TC_005_ProductDisplayPage - ****** TC_005_ProductDisplayPage Finished ******
14:41:03.962 [main] INFO  testCases.DDT.TC_005_ProductDisplayPage - ****** TC_005_ProductDisplayPage Started ******
14:41:03.962 [main] INFO  testCases.DDT.TC_005_ProductDisplayPage - ****** product_quantity_text_verification Started ******
14:41:05.824 [main] INFO  testCases.DDT.TC_005_ProductDisplayPage - ****** product_quantity_text_verification Finished ******
14:41:05.824 [main] INFO  testCases.DDT.TC_005_ProductDisplayPage - ****** TC_005_ProductDisplayPage Finished ******
14:41:05.825 [main] INFO  testCases.DDT.TC_005_ProductDisplayPage - ****** TC_005_ProductDisplayPage Started ******
14:41:05.826 [main] INFO  testCases.DDT.TC_005_ProductDisplayPage - ****** product_add_to_cart Started ******
14:41:09.004 [main] INFO  testCases.DDT.TC_005_ProductDisplayPage - ****** product_add_to_cart Finished ******
14:41:09.004 [main] INFO  testCases.DDT.TC_005_ProductDisplayPage - ****** TC_005_ProductDisplayPage Finished ******
14:41:09.005 [main] INFO  testCases.DDT.TC_005_ProductDisplayPage - ****** TC_005_ProductDisplayPage Started ******
14:41:09.005 [main] INFO  testCases.DDT.TC_005_ProductDisplayPage - ****** product_minimum_quantity_text_verification Started ******
14:41:12.096 [main] INFO  testCases.DDT.TC_005_ProductDisplayPage - ****** product_minimum_quantity_text_verification Finished ******
14:41:12.096 [main] INFO  testCases.DDT.TC_005_ProductDisplayPage - ****** TC_005_ProductDisplayPage Finished ******
14:41:12.097 [main] INFO  testCases.DDT.TC_005_ProductDisplayPage - ****** TC_005_ProductDisplayPage Started ******
14:41:12.097 [main] INFO  testCases.DDT.TC_005_ProductDisplayPage - ****** no_review_text_verification Started ******
14:41:15.332 [main] INFO  testCases.DDT.TC_005_ProductDisplayPage - ****** TC_005_ProductDisplayPage Started ******
14:41:15.332 [main] INFO  testCases.DDT.TC_005_ProductDisplayPage - ****** review_tab_focus_verification Started ******
14:41:19.693 [main] INFO  testCases.DDT.TC_005_ProductDisplayPage - ****** review_tab_focus_verification Finished ******
14:41:19.693 [main] INFO  testCases.DDT.TC_005_ProductDisplayPage - ****** TC_005_ProductDisplayPage Finished ******
14:41:19.695 [main] INFO  testCases.DDT.TC_005_ProductDisplayPage - ****** TC_005_ProductDisplayPage Started ******
14:41:19.695 [main] INFO  testCases.DDT.TC_005_ProductDisplayPage - ****** product_add_to_wishlist Started ******
14:41:25.011 [main] INFO  testCases.DDT.TC_005_ProductDisplayPage - ****** product_add_to_wishlist Finished ******
14:41:25.011 [main] INFO  testCases.DDT.TC_005_ProductDisplayPage - ****** TC_005_ProductDisplayPage Finished ******
14:41:25.012 [main] INFO  testCases.DDT.TC_005_ProductDisplayPage - ****** TC_005_ProductDisplayPage Started ******
14:41:25.012 [main] INFO  testCases.DDT.TC_005_ProductDisplayPage - ****** verfiy_product_added_to_wishlist Started ******
14:41:28.090 [main] INFO  testCases.DDT.TC_005_ProductDisplayPage - ****** verfiy_product_added_to_wishlist Finished ******
14:41:28.091 [main] INFO  testCases.DDT.TC_005_ProductDisplayPage - ****** TC_005_ProductDisplayPage Finished ******
14:41:28.092 [main] INFO  testCases.DDT.TC_005_ProductDisplayPage - ****** TC_005_ProductDisplayPage Started ******
14:41:28.092 [main] INFO  testCases.DDT.TC_005_ProductDisplayPage - ****** compare_product_success_verification Started ******
14:41:32.037 [main] INFO  testCases.DDT.TC_005_ProductDisplayPage - ****** compare_product_success_verification Finished ******
14:41:32.038 [main] INFO  testCases.DDT.TC_005_ProductDisplayPage - ****** TC_005_ProductDisplayPage Finished ******
09:12:48.384 [main] INFO  testCases.DDT.TC_005_ProductDisplayPage - ****** TC_005_ProductDisplayPage Started ******
09:12:48.391 [main] INFO  testCases.DDT.TC_005_ProductDisplayPage - ****** product_details_verification Started ******
09:12:51.131 [main] INFO  testCases.DDT.TC_005_ProductDisplayPage - ****** product_details_verification Finished ******
09:12:51.132 [main] INFO  testCases.DDT.TC_005_ProductDisplayPage - ****** TC_005_ProductDisplayPage Finished ******
09:12:51.146 [main] INFO  testCases.DDT.TC_005_ProductDisplayPage - ****** TC_005_ProductDisplayPage Started ******
09:12:51.146 [main] INFO  testCases.DDT.TC_005_ProductDisplayPage - ****** product_availability_verification Started ******
09:12:53.331 [main] INFO  testCases.DDT.TC_005_ProductDisplayPage - ****** product_availability_verification Finished ******
09:12:53.331 [main] INFO  testCases.DDT.TC_005_ProductDisplayPage - ****** TC_005_ProductDisplayPage Finished ******
09:12:53.334 [main] INFO  testCases.DDT.TC_005_ProductDisplayPage - ****** TC_005_ProductDisplayPage Started ******
09:12:53.334 [main] INFO  testCases.DDT.TC_005_ProductDisplayPage - ****** product_availability_verification Started ******
09:12:55.551 [main] INFO  testCases.DDT.TC_005_ProductDisplayPage - ****** product_availability_verification Finished ******
09:12:55.551 [main] INFO  testCases.DDT.TC_005_ProductDisplayPage - ****** TC_005_ProductDisplayPage Finished ******
09:12:55.554 [main] INFO  testCases.DDT.TC_005_ProductDisplayPage - ****** TC_005_ProductDisplayPage Started ******
09:12:55.554 [main] INFO  testCases.DDT.TC_005_ProductDisplayPage - ****** product_price_verification Started ******
09:12:58.160 [main] INFO  testCases.DDT.TC_005_ProductDisplayPage - ****** product_price_verification Finished ******
09:12:58.160 [main] INFO  testCases.DDT.TC_005_ProductDisplayPage - ****** TC_005_ProductDisplayPage Finished ******
09:12:58.163 [main] INFO  testCases.DDT.TC_005_ProductDisplayPage - ****** TC_005_ProductDisplayPage Started ******
09:12:58.163 [main] INFO  testCases.DDT.TC_005_ProductDisplayPage - ****** product_price_verification Started ******
09:13:00.709 [main] INFO  testCases.DDT.TC_005_ProductDisplayPage - ****** product_price_verification Finished ******
09:13:00.709 [main] INFO  testCases.DDT.TC_005_ProductDisplayPage - ****** TC_005_ProductDisplayPage Finished ******
09:13:00.712 [main] INFO  testCases.DDT.TC_005_ProductDisplayPage - ****** TC_005_ProductDisplayPage Started ******
09:13:00.712 [main] INFO  testCases.DDT.TC_005_ProductDisplayPage - ****** product_quantity_text_verification Started ******
09:13:02.950 [main] INFO  testCases.DDT.TC_005_ProductDisplayPage - ****** product_quantity_text_verification Finished ******
09:13:02.950 [main] INFO  testCases.DDT.TC_005_ProductDisplayPage - ****** TC_005_ProductDisplayPage Finished ******
09:13:02.953 [main] INFO  testCases.DDT.TC_005_ProductDisplayPage - ****** TC_005_ProductDisplayPage Started ******
09:13:02.953 [main] INFO  testCases.DDT.TC_005_ProductDisplayPage - ****** product_quantity_text_verification Started ******
09:13:05.349 [main] INFO  testCases.DDT.TC_005_ProductDisplayPage - ****** product_quantity_text_verification Finished ******
09:13:05.350 [main] INFO  testCases.DDT.TC_005_ProductDisplayPage - ****** TC_005_ProductDisplayPage Finished ******
09:13:05.352 [main] INFO  testCases.DDT.TC_005_ProductDisplayPage - ****** TC_005_ProductDisplayPage Started ******
09:13:05.352 [main] INFO  testCases.DDT.TC_005_ProductDisplayPage - ****** product_add_to_cart Started ******
09:13:09.932 [main] INFO  testCases.DDT.TC_005_ProductDisplayPage - ****** product_add_to_cart Finished ******
09:13:09.932 [main] INFO  testCases.DDT.TC_005_ProductDisplayPage - ****** TC_005_ProductDisplayPage Finished ******
09:13:09.933 [main] INFO  testCases.DDT.TC_005_ProductDisplayPage - ****** TC_005_ProductDisplayPage Started ******
09:13:09.933 [main] INFO  testCases.DDT.TC_005_ProductDisplayPage - ****** product_minimum_quantity_text_verification Started ******
09:13:13.222 [main] INFO  testCases.DDT.TC_005_ProductDisplayPage - ****** product_minimum_quantity_text_verification Finished ******
09:13:13.222 [main] INFO  testCases.DDT.TC_005_ProductDisplayPage - ****** TC_005_ProductDisplayPage Finished ******
09:13:13.224 [main] INFO  testCases.DDT.TC_005_ProductDisplayPage - ****** TC_005_ProductDisplayPage Started ******
09:13:13.225 [main] INFO  testCases.DDT.TC_005_ProductDisplayPage - ****** no_review_text_verification Started ******
09:17:56.379 [main] INFO  testCases.DDT.TC_001_AccountLogin - ****** TC_001_AccountLogin Started ******
09:17:56.387 [main] INFO  testCases.DDT.TC_001_AccountLogin - ****** account_login_validation Started ******
09:17:59.893 [main] INFO  testCases.DDT.TC_001_AccountLogin - ****** account_login_validation Finished ******
09:17:59.893 [main] INFO  testCases.DDT.TC_001_AccountLogin - ****** TC_001_AccountLogin Finished ******
09:17:59.915 [main] INFO  testCases.DDT.TC_001_AccountLogin - ****** TC_001_AccountLogin Started ******
09:17:59.916 [main] INFO  testCases.DDT.TC_001_AccountLogin - ****** account_login_validation Started ******
09:18:11.870 [main] INFO  testCases.DDT.TC_001_AccountLogin - ****** account_login_validation Finished ******
09:18:11.870 [main] INFO  testCases.DDT.TC_001_AccountLogin - ****** TC_001_AccountLogin Finished ******
09:18:11.872 [main] INFO  testCases.DDT.TC_001_AccountLogin - ****** TC_001_AccountLogin Started ******
09:18:11.872 [main] INFO  testCases.DDT.TC_001_AccountLogin - ****** account_login_validation Started ******
09:18:23.428 [main] INFO  testCases.DDT.TC_001_AccountLogin - ****** account_login_validation Finished ******
09:18:23.428 [main] INFO  testCases.DDT.TC_001_AccountLogin - ****** TC_001_AccountLogin Finished ******
09:18:23.430 [main] INFO  testCases.DDT.TC_001_AccountLogin - ****** TC_001_AccountLogin Started ******
09:18:23.430 [main] INFO  testCases.DDT.TC_001_AccountLogin - ****** account_login_validation Started ******
09:18:34.958 [main] INFO  testCases.DDT.TC_001_AccountLogin - ****** account_login_validation Finished ******
09:18:34.958 [main] INFO  testCases.DDT.TC_001_AccountLogin - ****** TC_001_AccountLogin Finished ******
09:18:34.960 [main] INFO  testCases.DDT.TC_001_AccountLogin - ****** TC_001_AccountLogin Started ******
09:18:34.960 [main] INFO  testCases.DDT.TC_001_AccountLogin - ****** account_login_validation Started ******
09:18:46.440 [main] INFO  testCases.DDT.TC_001_AccountLogin - ****** account_login_validation Finished ******
09:18:46.440 [main] INFO  testCases.DDT.TC_001_AccountLogin - ****** TC_001_AccountLogin Finished ******
09:18:46.441 [main] INFO  testCases.DDT.TC_001_AccountLogin - ****** TC_001_AccountLogin Started ******
09:18:46.441 [main] INFO  testCases.DDT.TC_001_AccountLogin - ****** account_login_browser_back Started ******
09:18:48.167 [main] INFO  testCases.DDT.TC_001_AccountLogin - ****** account_login_browser_back Finished ******
09:18:48.167 [main] INFO  testCases.DDT.TC_001_AccountLogin - ****** TC_001_AccountLogin Finished ******
09:18:48.169 [main] INFO  testCases.DDT.TC_001_AccountLogin - ****** TC_001_AccountLogin Started ******
09:18:48.169 [main] INFO  testCases.DDT.TC_001_AccountLogin - ****** account_login_logout_browser_back Started ******
09:18:50.281 [main] INFO  testCases.DDT.TC_001_AccountLogin - ****** account_login_logout_browser_back Finished ******
09:18:50.281 [main] INFO  testCases.DDT.TC_001_AccountLogin - ****** TC_001_AccountLogin Finished ******
09:18:50.283 [main] INFO  testCases.DDT.TC_001_AccountLogin - ****** TC_001_AccountLogin Started ******
09:18:50.283 [main] INFO  testCases.DDT.TC_001_AccountLogin - ****** account_login_password_copy Started ******
09:18:50.915 [main] INFO  testCases.DDT.TC_001_AccountLogin - ****** account_login_password_copy Finished ******
09:18:50.915 [main] INFO  testCases.DDT.TC_001_AccountLogin - ****** TC_001_AccountLogin Finished ******
09:18:50.917 [main] INFO  testCases.DDT.TC_001_AccountLogin - ****** TC_001_AccountLogin Started ******
09:18:50.917 [main] INFO  testCases.DDT.TC_001_AccountLogin - ****** account_login_navigating Started ******
09:18:52.459 [main] INFO  testCases.DDT.TC_001_AccountLogin - ****** account_login_navigating Finished ******
09:18:52.459 [main] INFO  testCases.DDT.TC_001_AccountLogin - ****** TC_001_AccountLogin Finished ******
09:18:52.461 [main] INFO  testCases.DDT.TC_001_AccountLogin - ****** TC_001_AccountLogin Started ******
09:18:52.461 [main] INFO  testCases.DDT.TC_001_AccountLogin - ****** account_login_close_browser Started ******
09:18:59.570 [main] INFO  testCases.DDT.TC_002_AccountRegistration - ****** TC_002_AccountRegistration Started ******
09:18:59.571 [main] INFO  testCases.DDT.TC_002_AccountRegistration - ****** account_registration_success Started ******
09:19:03.809 [main] INFO  testCases.DDT.TC_002_AccountRegistration - ****** account_registration_success Finished ******
09:19:03.810 [main] INFO  testCases.DDT.TC_002_AccountRegistration - ****** TC_002_AccountRegistration Finished ******
09:19:03.812 [main] INFO  testCases.DDT.TC_002_AccountRegistration - ****** TC_002_AccountRegistration Started ******
09:19:03.812 [main] INFO  testCases.DDT.TC_002_AccountRegistration - ****** account_registration_email_exists Started ******
09:19:08.032 [main] INFO  testCases.DDT.TC_002_AccountRegistration - ****** account_registration_email_exists Finished ******
09:19:08.032 [main] INFO  testCases.DDT.TC_002_AccountRegistration - ****** TC_002_AccountRegistration Finished ******
09:19:08.034 [main] INFO  testCases.DDT.TC_002_AccountRegistration - ****** TC_002_AccountRegistration Started ******
09:19:08.034 [main] INFO  testCases.DDT.TC_002_AccountRegistration - ****** account_registration_all_fields_warning_validation Started ******
09:19:12.159 [main] INFO  testCases.DDT.TC_002_AccountRegistration - ****** account_registration_all_fields_warning_validation Finished ******
09:19:12.159 [main] INFO  testCases.DDT.TC_002_AccountRegistration - ****** TC_002_AccountRegistration Finished ******
09:19:12.161 [main] INFO  testCases.DDT.TC_002_AccountRegistration - ****** TC_002_AccountRegistration Started ******
09:19:12.161 [main] INFO  testCases.DDT.TC_002_AccountRegistration - ****** account_registration_all_fields_warning_validation Started ******
09:19:16.756 [main] INFO  testCases.DDT.TC_002_AccountRegistration - ****** account_registration_all_fields_warning_validation Finished ******
09:19:16.757 [main] INFO  testCases.DDT.TC_002_AccountRegistration - ****** TC_002_AccountRegistration Finished ******
09:19:16.758 [main] INFO  testCases.DDT.TC_002_AccountRegistration - ****** TC_002_AccountRegistration Started ******
09:19:16.758 [main] INFO  testCases.DDT.TC_002_AccountRegistration - ****** navigating_to_registered_page_from_different_page Started ******
09:19:19.697 [main] INFO  testCases.DDT.TC_002_AccountRegistration - ****** navigating_to_registered_page_from_different_page Finished ******
09:19:19.697 [main] INFO  testCases.DDT.TC_002_AccountRegistration - ****** TC_002_AccountRegistration Finished ******
09:19:19.699 [main] INFO  testCases.DDT.TC_002_AccountRegistration - ****** TC_002_AccountRegistration Started ******
09:19:19.700 [main] INFO  testCases.DDT.TC_002_AccountRegistration - ****** account_registration_email_field_warning_validation Started ******
09:19:22.904 [main] INFO  testCases.DDT.TC_002_AccountRegistration - ****** account_registration_email_field_warning_validation Finished ******
09:19:22.904 [main] INFO  testCases.DDT.TC_002_AccountRegistration - ****** TC_002_AccountRegistration Finished ******
09:19:22.905 [main] INFO  testCases.DDT.TC_002_AccountRegistration - ****** TC_002_AccountRegistration Started ******
